2025-06-30 17:22:48,234 - experiment_mnist_baseline - INFO - Initialized experiment logger for mnist_baseline
2025-06-30 17:22:48,234 - experiment_mnist_baseline - INFO - Results will be saved to: results/mnist_baseline_20250630_172248
2025-06-30 17:22:48,234 - experiment_mnist_baseline - INFO - Experiment configuration logged
2025-06-30 17:23:31,878 - experiment_mnist_baseline - INFO - Dataset statistics: {
  "train_size": 54000,
  "val_size": 6000,
  "test_size": 10000,
  "anomaly_digits": [
    1,
    7
  ],
  "total_samples": 70000,
  "train_normal_estimated": 42390,
  "train_anomaly_estimated": 11610,
  "val_normal_estimated": 4692,
  "val_anomaly_estimated": 1308,
  "test_normal_estimated": 7520,
  "test_anomaly_estimated": 2480
}
2025-06-30 17:23:31,896 - experiment_mnist_baseline - INFO - Training event [training_started]: {'num_clients': 10, 'num_rounds': 100, 'baseline_mode': True}
2025-06-30 17:23:31,898 - experiment_mnist_baseline - INFO - Round 1 client weights: {'client_0': 0.13201106092999365, 'client_1': 0.1021096989675711, 'client_2': 0.3308390956419751, 'client_3': 0.05941368727827802, 'client_4': 0.08128841198416033, 'client_5': 0.08641307630095044, 'client_6': 0.029876465263773487, 'client_7': 0.09150136811373047, 'client_8': 0.015478273739860092, 'client_9': 0.07106886177970732}
2025-06-30 17:23:34,919 - experiment_mnist_baseline - INFO - Training event [client_training_completed]: {'client_id': 'client_0', 'round': 1, 'metrics': {'loss': 0.08070814896046177, 'accuracy': 0.9718518518518519, 'training_time': 3.019287109375, 'effective_batch_size': 9, 'epochs_completed': 4, 'total_examples': 21600, 'final_memory_mb': 6863.40625, 'final_cpu_percent': 50.0, 'resource_constrained': True}}
2025-06-30 17:23:37,760 - experiment_mnist_baseline - INFO - Training event [client_training_completed]: {'client_id': 'client_1', 'round': 1, 'metrics': {'loss': 0.06704793989173481, 'accuracy': 0.976712962962963, 'training_time': 2.841032028198242, 'effective_batch_size': 9, 'epochs_completed': 4, 'total_examples': 21600, 'final_memory_mb': 6877.890625, 'final_cpu_percent': 0.0, 'resource_constrained': True}}
2025-06-30 17:23:40,743 - experiment_mnist_baseline - INFO - Training event [client_training_completed]: {'client_id': 'client_2', 'round': 1, 'metrics': {'loss': 0.06940839391600763, 'accuracy': 0.9762037037037037, 'training_time': 2.982642889022827, 'effective_batch_size': 9, 'epochs_completed': 4, 'total_examples': 21600, 'final_memory_mb': 6860.453125, 'final_cpu_percent': 0.0, 'resource_constrained': True}}
2025-06-30 17:23:43,584 - experiment_mnist_baseline - INFO - Training event [client_training_completed]: {'client_id': 'client_3', 'round': 1, 'metrics': {'loss': 0.07535455458143095, 'accuracy': 0.9752314814814815, 'training_time': 2.840273141860962, 'effective_batch_size': 9, 'epochs_completed': 4, 'total_examples': 21600, 'final_memory_mb': 6853.578125, 'final_cpu_percent': 0.0, 'resource_constrained': True}}
2025-06-30 17:23:46,516 - experiment_mnist_baseline - INFO - Training event [client_training_completed]: {'client_id': 'client_4', 'round': 1, 'metrics': {'loss': 0.07796517853124131, 'accuracy': 0.9734722222222222, 'training_time': 2.930941104888916, 'effective_batch_size': 9, 'epochs_completed': 4, 'total_examples': 21600, 'final_memory_mb': 6839.484375, 'final_cpu_percent': 0.0, 'resource_constrained': True}}
2025-06-30 17:23:49,440 - experiment_mnist_baseline - INFO - Training event [client_training_completed]: {'client_id': 'client_5', 'round': 1, 'metrics': {'loss': 0.07761597330119216, 'accuracy': 0.9735648148148148, 'training_time': 2.9243719577789307, 'effective_batch_size': 9, 'epochs_completed': 4, 'total_examples': 21600, 'final_memory_mb': 6846.28125, 'final_cpu_percent': 0.0, 'resource_constrained': True}}
2025-06-30 17:23:52,314 - experiment_mnist_baseline - INFO - Training event [client_training_completed]: {'client_id': 'client_6', 'round': 1, 'metrics': {'loss': 0.07603781451768792, 'accuracy': 0.9735185185185186, 'training_time': 2.873084306716919, 'effective_batch_size': 9, 'epochs_completed': 4, 'total_examples': 21600, 'final_memory_mb': 6867.234375, 'final_cpu_percent': 0.0, 'resource_constrained': True}}
2025-06-30 17:23:55,221 - experiment_mnist_baseline - INFO - Training event [client_training_completed]: {'client_id': 'client_7', 'round': 1, 'metrics': {'loss': 0.07171464965021457, 'accuracy': 0.9758796296296296, 'training_time': 2.9062929153442383, 'effective_batch_size': 9, 'epochs_completed': 4, 'total_examples': 21600, 'final_memory_mb': 6863.953125, 'final_cpu_percent': 0.0, 'resource_constrained': True}}
2025-06-30 17:23:58,190 - experiment_mnist_baseline - INFO - Training event [client_training_completed]: {'client_id': 'client_8', 'round': 1, 'metrics': {'loss': 0.0681287931139626, 'accuracy': 0.9755555555555555, 'training_time': 2.968881845474243, 'effective_batch_size': 9, 'epochs_completed': 4, 'total_examples': 21600, 'final_memory_mb': 6848.015625, 'final_cpu_percent': 0.0, 'resource_constrained': True}}
2025-06-30 17:24:01,240 - experiment_mnist_baseline - INFO - Training event [client_training_completed]: {'client_id': 'client_9', 'round': 1, 'metrics': {'loss': 0.07438885835320101, 'accuracy': 0.9747222222222223, 'training_time': 3.0494678020477295, 'effective_batch_size': 9, 'epochs_completed': 4, 'total_examples': 21600, 'final_memory_mb': 6803.78125, 'final_cpu_percent': 0.0, 'resource_constrained': True}}
2025-06-30 17:24:01,244 - experiment_mnist_baseline - INFO - Training event [aggregation_completed]: {'round': 1, 'num_clients_aggregated': 10}
2025-06-30 17:24:01,842 - experiment_mnist_baseline - INFO - Round 1 metrics: {
  "round": 1,
  "num_participating_clients": 10,
  "num_successful_clients": 10,
  "train_accuracy": 0.9746712962962963,
  "train_loss": 0.07383703048171347,
  "test_accuracy": 0.9857,
  "test_loss": 0.24260410925926873,
  "test_f1_score": 0.9667828106852497,
  "test_precision": 0.9715219421101774,
  "test_recall": 0.9620896902450301,
  "detection_rate": 0.9620896902450301,
  "timestamp": "2025-06-30T17:24:01.842420"
}
2025-06-30 17:24:01,842 - experiment_mnist_baseline - INFO - Round 2 client weights: {'client_0': 0.1297672866923646, 'client_1': 0.013920788387984035, 'client_2': 0.010725204068550294, 'client_3': 0.16500634217455612, 'client_4': 0.11113343901293796, 'client_5': 0.09651346497188115, 'client_6': 0.18425532466012445, 'client_7': 0.20441771674059103, 'client_8': 0.06171368568164656, 'client_9': 0.022546747609363847}
2025-06-30 17:24:04,858 - experiment_mnist_baseline - INFO - Training event [client_training_completed]: {'client_id': 'client_0', 'round': 2, 'metrics': {'loss': 0.04727914361233606, 'accuracy': 0.9847222222222223, 'training_time': 3.0135679244995117, 'effective_batch_size': 9, 'epochs_completed': 4, 'total_examples': 21600, 'final_memory_mb': 6825.46875, 'final_cpu_percent': 0.0, 'resource_constrained': True}}
2025-06-30 17:24:07,992 - experiment_mnist_baseline - INFO - Training event [client_training_completed]: {'client_id': 'client_1', 'round': 2, 'metrics': {'loss': 0.037710050245980634, 'accuracy': 0.9877777777777778, 'training_time': 3.133403778076172, 'effective_batch_size': 9, 'epochs_completed': 4, 'total_examples': 21600, 'final_memory_mb': 6819.140625, 'final_cpu_percent': 0.0, 'resource_constrained': True}}
2025-06-30 17:24:11,103 - experiment_mnist_baseline - INFO - Training event [client_training_completed]: {'client_id': 'client_2', 'round': 2, 'metrics': {'loss': 0.040743795798563846, 'accuracy': 0.9863425925925926, 'training_time': 3.1100082397460938, 'effective_batch_size': 9, 'epochs_completed': 4, 'total_examples': 21600, 'final_memory_mb': 6828.625, 'final_cpu_percent': 0.0, 'resource_constrained': True}}
2025-06-30 17:24:14,322 - experiment_mnist_baseline - INFO - Training event [client_training_completed]: {'client_id': 'client_3', 'round': 2, 'metrics': {'loss': 0.05118422230304088, 'accuracy': 0.9842592592592593, 'training_time': 3.219149112701416, 'effective_batch_size': 9, 'epochs_completed': 4, 'total_examples': 21600, 'final_memory_mb': 6786.234375, 'final_cpu_percent': 0.0, 'resource_constrained': True}}
2025-06-30 17:24:17,602 - experiment_mnist_baseline - INFO - Training event [client_training_completed]: {'client_id': 'client_4', 'round': 2, 'metrics': {'loss': 0.05135557271156222, 'accuracy': 0.9836574074074074, 'training_time': 3.27917218208313, 'effective_batch_size': 9, 'epochs_completed': 4, 'total_examples': 21600, 'final_memory_mb': 6768.0, 'final_cpu_percent': 0.0, 'resource_constrained': True}}
2025-06-30 17:24:20,869 - experiment_mnist_baseline - INFO - Training event [client_training_completed]: {'client_id': 'client_5', 'round': 2, 'metrics': {'loss': 0.04356343238756024, 'accuracy': 0.9852314814814814, 'training_time': 3.2669200897216797, 'effective_batch_size': 9, 'epochs_completed': 4, 'total_examples': 21600, 'final_memory_mb': 6790.015625, 'final_cpu_percent': 0.0, 'resource_constrained': True}}
2025-06-30 17:24:24,067 - experiment_mnist_baseline - INFO - Training event [client_training_completed]: {'client_id': 'client_6', 'round': 2, 'metrics': {'loss': 0.04885477822517992, 'accuracy': 0.9843981481481482, 'training_time': 3.1967949867248535, 'effective_batch_size': 9, 'epochs_completed': 4, 'total_examples': 21600, 'final_memory_mb': 6802.25, 'final_cpu_percent': 0.0, 'resource_constrained': True}}
2025-06-30 17:24:27,257 - experiment_mnist_baseline - INFO - Training event [client_training_completed]: {'client_id': 'client_7', 'round': 2, 'metrics': {'loss': 0.045472863312215034, 'accuracy': 0.9860185185185185, 'training_time': 3.1906042098999023, 'effective_batch_size': 9, 'epochs_completed': 4, 'total_examples': 21600, 'final_memory_mb': 6797.546875, 'final_cpu_percent': 54.5, 'resource_constrained': True}}
2025-06-30 17:24:30,596 - experiment_mnist_baseline - INFO - Training event [client_training_completed]: {'client_id': 'client_8', 'round': 2, 'metrics': {'loss': 0.03970512331015925, 'accuracy': 0.9868055555555556, 'training_time': 3.3378188610076904, 'effective_batch_size': 9, 'epochs_completed': 4, 'total_examples': 21600, 'final_memory_mb': 6794.359375, 'final_cpu_percent': 0.0, 'resource_constrained': True}}
2025-06-30 17:24:34,014 - experiment_mnist_baseline - INFO - Training event [client_training_completed]: {'client_id': 'client_9', 'round': 2, 'metrics': {'loss': 0.04642672850655988, 'accuracy': 0.9855092592592593, 'training_time': 3.4185049533843994, 'effective_batch_size': 9, 'epochs_completed': 4, 'total_examples': 21600, 'final_memory_mb': 6828.96875, 'final_cpu_percent': 0.0, 'resource_constrained': True}}
2025-06-30 17:24:34,017 - experiment_mnist_baseline - INFO - Training event [aggregation_completed]: {'round': 2, 'num_clients_aggregated': 10}
2025-06-30 17:24:34,690 - experiment_mnist_baseline - INFO - Round 2 metrics: {
  "round": 2,
  "num_participating_clients": 10,
  "num_successful_clients": 10,
  "train_accuracy": 0.9854722222222223,
  "train_loss": 0.045229571041315794,
  "test_accuracy": 0.989,
  "test_loss": 0.04183943075545953,
  "test_f1_score": 0.9747706422018348,
  "test_precision": 0.9672280382339554,
  "test_recall": 0.9824318076745261,
  "detection_rate": 0.9824318076745261,
  "timestamp": "2025-06-30T17:24:34.690299"
}
2025-06-30 17:24:34,691 - experiment_mnist_baseline - INFO - Round 3 client weights: {'client_0': 0.03696905370952627, 'client_1': 0.01865050339134984, 'client_2': 0.08019722575224503, 'client_3': 0.21455625205221965, 'client_4': 0.03275419094405296, 'client_5': 0.07712522587167352, 'client_6': 0.08593428050390378, 'client_7': 0.03223202963105882, 'client_8': 0.24776265330649713, 'client_9': 0.17381858483747292}
2025-06-30 17:24:38,140 - experiment_mnist_baseline - INFO - Training event [client_training_completed]: {'client_id': 'client_0', 'round': 3, 'metrics': {'loss': 0.029466724546806967, 'accuracy': 0.9900925925925926, 'training_time': 3.447690963745117, 'effective_batch_size': 9, 'epochs_completed': 4, 'total_examples': 21600, 'final_memory_mb': 6771.0625, 'final_cpu_percent': 0.0, 'resource_constrained': True}}
2025-06-30 17:24:41,637 - experiment_mnist_baseline - INFO - Training event [client_training_completed]: {'client_id': 'client_1', 'round': 3, 'metrics': {'loss': 0.026149017546916925, 'accuracy': 0.991712962962963, 'training_time': 3.496269702911377, 'effective_batch_size': 9, 'epochs_completed': 4, 'total_examples': 21600, 'final_memory_mb': 6806.859375, 'final_cpu_percent': 0.0, 'resource_constrained': True}}
2025-06-30 17:24:45,125 - experiment_mnist_baseline - INFO - Training event [client_training_completed]: {'client_id': 'client_2', 'round': 3, 'metrics': {'loss': 0.029889408101877634, 'accuracy': 0.9897222222222222, 'training_time': 3.4876909255981445, 'effective_batch_size': 9, 'epochs_completed': 4, 'total_examples': 21600, 'final_memory_mb': 6778.953125, 'final_cpu_percent': 0.0, 'resource_constrained': True}}
2025-06-30 17:24:48,614 - experiment_mnist_baseline - INFO - Training event [client_training_completed]: {'client_id': 'client_3', 'round': 3, 'metrics': {'loss': 0.03208424135281464, 'accuracy': 0.9902314814814814, 'training_time': 3.4877891540527344, 'effective_batch_size': 9, 'epochs_completed': 4, 'total_examples': 21600, 'final_memory_mb': 6794.515625, 'final_cpu_percent': 0.0, 'resource_constrained': True}}
2025-06-30 17:24:51,900 - experiment_mnist_baseline - INFO - Training event [client_training_completed]: {'client_id': 'client_4', 'round': 3, 'metrics': {'loss': 0.03463093602871437, 'accuracy': 0.9891203703703704, 'training_time': 3.2862069606781006, 'effective_batch_size': 9, 'epochs_completed': 4, 'total_examples': 21600, 'final_memory_mb': 6794.4375, 'final_cpu_percent': 0.0, 'resource_constrained': True}}
2025-06-30 17:24:55,184 - experiment_mnist_baseline - INFO - Training event [client_training_completed]: {'client_id': 'client_5', 'round': 3, 'metrics': {'loss': 0.02871579850008656, 'accuracy': 0.9910185185185185, 'training_time': 3.2829482555389404, 'effective_batch_size': 9, 'epochs_completed': 4, 'total_examples': 21600, 'final_memory_mb': 6792.0, 'final_cpu_percent': 0.0, 'resource_constrained': True}}
2025-06-30 17:24:58,564 - experiment_mnist_baseline - INFO - Training event [client_training_completed]: {'client_id': 'client_6', 'round': 3, 'metrics': {'loss': 0.03133650687717898, 'accuracy': 0.9901388888888889, 'training_time': 3.379451274871826, 'effective_batch_size': 9, 'epochs_completed': 4, 'total_examples': 21600, 'final_memory_mb': 6775.171875, 'final_cpu_percent': 0.0, 'resource_constrained': True}}
2025-06-30 17:25:01,894 - experiment_mnist_baseline - INFO - Training event [client_training_completed]: {'client_id': 'client_7', 'round': 3, 'metrics': {'loss': 0.027378824042034632, 'accuracy': 0.9914814814814815, 'training_time': 3.329571008682251, 'effective_batch_size': 9, 'epochs_completed': 4, 'total_examples': 21600, 'final_memory_mb': 6794.125, 'final_cpu_percent': 45.5, 'resource_constrained': True}}
2025-06-30 17:25:05,221 - experiment_mnist_baseline - INFO - Training event [client_training_completed]: {'client_id': 'client_8', 'round': 3, 'metrics': {'loss': 0.028085183676053525, 'accuracy': 0.9907870370370371, 'training_time': 3.3261430263519287, 'effective_batch_size': 9, 'epochs_completed': 4, 'total_examples': 21600, 'final_memory_mb': 6795.78125, 'final_cpu_percent': 0.0, 'resource_constrained': True}}
2025-06-30 17:25:08,575 - experiment_mnist_baseline - INFO - Training event [client_training_completed]: {'client_id': 'client_9', 'round': 3, 'metrics': {'loss': 0.03004943723716733, 'accuracy': 0.9894907407407407, 'training_time': 3.353478193283081, 'effective_batch_size': 9, 'epochs_completed': 4, 'total_examples': 21600, 'final_memory_mb': 6796.21875, 'final_cpu_percent': 0.0, 'resource_constrained': True}}
2025-06-30 17:25:08,576 - experiment_mnist_baseline - INFO - Training event [aggregation_completed]: {'round': 3, 'num_clients_aggregated': 10}
2025-06-30 17:25:09,261 - experiment_mnist_baseline - INFO - Round 3 metrics: {
  "round": 3,
  "num_participating_clients": 10,
  "num_successful_clients": 10,
  "train_accuracy": 0.9903796296296296,
  "train_loss": 0.029778607790965157,
  "test_accuracy": 0.9901,
  "test_loss": 0.031085421046894955,
  "test_f1_score": 0.9772466099747186,
  "test_precision": 0.9716636197440585,
  "test_recall": 0.9828941285251965,
  "detection_rate": 0.9828941285251965,
  "timestamp": "2025-06-30T17:25:09.261622"
}
2025-06-30 17:25:09,262 - experiment_mnist_baseline - INFO - Round 4 client weights: {'client_0': 0.15863304455660152, 'client_1': 0.03451427588961866, 'client_2': 0.005564533850410834, 'client_3': 0.12458333955852495, 'client_4': 0.04729592994910792, 'client_5': 0.08057309662993105, 'client_6': 0.29367767607264644, 'client_7': 0.19940552347536808, 'client_8': 0.011433524747829925, 'client_9': 0.04431905526996056}
2025-06-30 17:25:12,714 - experiment_mnist_baseline - INFO - Training event [client_training_completed]: {'client_id': 'client_0', 'round': 4, 'metrics': {'loss': 0.025307957117194052, 'accuracy': 0.9923148148148148, 'training_time': 3.450277805328369, 'effective_batch_size': 9, 'epochs_completed': 4, 'total_examples': 21600, 'final_memory_mb': 6805.125, 'final_cpu_percent': 0.0, 'resource_constrained': True}}
2025-06-30 17:25:16,545 - experiment_mnist_baseline - INFO - Training event [client_training_completed]: {'client_id': 'client_1', 'round': 4, 'metrics': {'loss': 0.024847323984975637, 'accuracy': 0.9922685185185185, 'training_time': 3.8307411670684814, 'effective_batch_size': 9, 'epochs_completed': 4, 'total_examples': 21600, 'final_memory_mb': 6884.8125, 'final_cpu_percent': 0.0, 'resource_constrained': True}}
2025-06-30 17:25:20,411 - experiment_mnist_baseline - INFO - Training event [client_training_completed]: {'client_id': 'client_2', 'round': 4, 'metrics': {'loss': 0.023589747788154036, 'accuracy': 0.992175925925926, 'training_time': 3.865769147872925, 'effective_batch_size': 9, 'epochs_completed': 4, 'total_examples': 21600, 'final_memory_mb': 6859.640625, 'final_cpu_percent': 0.0, 'resource_constrained': True}}
2025-06-30 17:25:24,231 - experiment_mnist_baseline - INFO - Training event [client_training_completed]: {'client_id': 'client_3', 'round': 4, 'metrics': {'loss': 0.022377686932926313, 'accuracy': 0.9921296296296296, 'training_time': 3.819247007369995, 'effective_batch_size': 9, 'epochs_completed': 4, 'total_examples': 21600, 'final_memory_mb': 6835.34375, 'final_cpu_percent': 0.0, 'resource_constrained': True}}
2025-06-30 17:25:27,837 - experiment_mnist_baseline - INFO - Training event [client_training_completed]: {'client_id': 'client_4', 'round': 4, 'metrics': {'loss': 0.029612073459137137, 'accuracy': 0.9907407407407407, 'training_time': 3.605891704559326, 'effective_batch_size': 9, 'epochs_completed': 4, 'total_examples': 21600, 'final_memory_mb': 6833.21875, 'final_cpu_percent': 0.0, 'resource_constrained': True}}
2025-06-30 17:25:31,327 - experiment_mnist_baseline - INFO - Training event [client_training_completed]: {'client_id': 'client_5', 'round': 4, 'metrics': {'loss': 0.02284433296877881, 'accuracy': 0.9924074074074074, 'training_time': 3.4896371364593506, 'effective_batch_size': 9, 'epochs_completed': 4, 'total_examples': 21600, 'final_memory_mb': 6836.828125, 'final_cpu_percent': 0.0, 'resource_constrained': True}}
2025-06-30 17:25:34,748 - experiment_mnist_baseline - INFO - Training event [client_training_completed]: {'client_id': 'client_6', 'round': 4, 'metrics': {'loss': 0.026323662507282738, 'accuracy': 0.9910648148148148, 'training_time': 3.4207990169525146, 'effective_batch_size': 9, 'epochs_completed': 4, 'total_examples': 21600, 'final_memory_mb': 6831.171875, 'final_cpu_percent': 0.0, 'resource_constrained': True}}
2025-06-30 17:25:38,126 - experiment_mnist_baseline - INFO - Training event [client_training_completed]: {'client_id': 'client_7', 'round': 4, 'metrics': {'loss': 0.02388549727779349, 'accuracy': 0.9927314814814815, 'training_time': 3.377713918685913, 'effective_batch_size': 9, 'epochs_completed': 4, 'total_examples': 21600, 'final_memory_mb': 6835.828125, 'final_cpu_percent': 0.0, 'resource_constrained': True}}
2025-06-30 17:25:41,579 - experiment_mnist_baseline - INFO - Training event [client_training_completed]: {'client_id': 'client_8', 'round': 4, 'metrics': {'loss': 0.020214632666753267, 'accuracy': 0.9935185185185185, 'training_time': 3.452242136001587, 'effective_batch_size': 9, 'epochs_completed': 4, 'total_examples': 21600, 'final_memory_mb': 6833.046875, 'final_cpu_percent': 57.1, 'resource_constrained': True}}
2025-06-30 17:25:45,223 - experiment_mnist_baseline - INFO - Training event [client_training_completed]: {'client_id': 'client_9', 'round': 4, 'metrics': {'loss': 0.024222526749994693, 'accuracy': 0.991574074074074, 'training_time': 3.6437811851501465, 'effective_batch_size': 9, 'epochs_completed': 4, 'total_examples': 21600, 'final_memory_mb': 6800.65625, 'final_cpu_percent': 0.0, 'resource_constrained': True}}
2025-06-30 17:25:45,226 - experiment_mnist_baseline - INFO - Training event [aggregation_completed]: {'round': 4, 'num_clients_aggregated': 10}
2025-06-30 17:25:46,002 - experiment_mnist_baseline - INFO - Round 4 metrics: {
  "round": 4,
  "num_participating_clients": 10,
  "num_successful_clients": 10,
  "train_accuracy": 0.9920925925925926,
  "train_loss": 0.024322544145299017,
  "test_accuracy": 0.9907,
  "test_loss": 0.030187071420271105,
  "test_f1_score": 0.9786059351276742,
  "test_precision": 0.9739010989010989,
  "test_recall": 0.9833564493758669,
  "detection_rate": 0.9833564493758669,
  "timestamp": "2025-06-30T17:25:46.002691"
}
2025-06-30 17:25:46,003 - experiment_mnist_baseline - INFO - Round 5 client weights: {'client_0': 0.06048164614896532, 'client_1': 0.011020482126201681, 'client_2': 0.16483806608088472, 'client_3': 0.21697988966865708, 'client_4': 0.09602210378493772, 'client_5': 0.03859951280882979, 'client_6': 0.03697503237201865, 'client_7': 0.20400505606195457, 'client_8': 0.014429621673319234, 'client_9': 0.15664858927423123}
2025-06-30 17:25:49,969 - experiment_mnist_baseline - INFO - Training event [client_training_completed]: {'client_id': 'client_0', 'round': 5, 'metrics': {'loss': 0.020467646671810735, 'accuracy': 0.9935185185185185, 'training_time': 3.9626379013061523, 'effective_batch_size': 9, 'epochs_completed': 4, 'total_examples': 21600, 'final_memory_mb': 6759.890625, 'final_cpu_percent': 0.0, 'resource_constrained': True}}
2025-06-30 17:25:53,584 - experiment_mnist_baseline - INFO - Training event [client_training_completed]: {'client_id': 'client_1', 'round': 5, 'metrics': {'loss': 0.020143224673324165, 'accuracy': 0.9938425925925926, 'training_time': 3.613274335861206, 'effective_batch_size': 9, 'epochs_completed': 4, 'total_examples': 21600, 'final_memory_mb': 6802.546875, 'final_cpu_percent': 0.0, 'resource_constrained': True}}
2025-06-30 17:25:57,011 - experiment_mnist_baseline - INFO - Training event [client_training_completed]: {'client_id': 'client_2', 'round': 5, 'metrics': {'loss': 0.021539962727098124, 'accuracy': 0.9922685185185185, 'training_time': 3.4266529083251953, 'effective_batch_size': 9, 'epochs_completed': 4, 'total_examples': 21600, 'final_memory_mb': 6802.21875, 'final_cpu_percent': 0.0, 'resource_constrained': True}}
2025-06-30 17:26:00,639 - experiment_mnist_baseline - INFO - Training event [client_training_completed]: {'client_id': 'client_3', 'round': 5, 'metrics': {'loss': 0.01877368484025124, 'accuracy': 0.9933796296296297, 'training_time': 3.6276259422302246, 'effective_batch_size': 9, 'epochs_completed': 4, 'total_examples': 21600, 'final_memory_mb': 6812.8125, 'final_cpu_percent': 0.0, 'resource_constrained': True}}
2025-06-30 17:26:04,107 - experiment_mnist_baseline - INFO - Training event [client_training_completed]: {'client_id': 'client_4', 'round': 5, 'metrics': {'loss': 0.02910949298521021, 'accuracy': 0.99125, 'training_time': 3.4674792289733887, 'effective_batch_size': 9, 'epochs_completed': 4, 'total_examples': 21600, 'final_memory_mb': 6841.140625, 'final_cpu_percent': 0.0, 'resource_constrained': True}}
2025-06-30 17:26:07,665 - experiment_mnist_baseline - INFO - Training event [client_training_completed]: {'client_id': 'client_5', 'round': 5, 'metrics': {'loss': 0.018784646176366996, 'accuracy': 0.9936574074074074, 'training_time': 3.5577468872070312, 'effective_batch_size': 9, 'epochs_completed': 4, 'total_examples': 21600, 'final_memory_mb': 6841.234375, 'final_cpu_percent': 0.0, 'resource_constrained': True}}
2025-06-30 17:26:11,165 - experiment_mnist_baseline - INFO - Training event [client_training_completed]: {'client_id': 'client_6', 'round': 5, 'metrics': {'loss': 0.019599588674983806, 'accuracy': 0.9938425925925926, 'training_time': 3.499030113220215, 'effective_batch_size': 9, 'epochs_completed': 4, 'total_examples': 21600, 'final_memory_mb': 6841.8125, 'final_cpu_percent': 54.9, 'resource_constrained': True}}
2025-06-30 17:26:14,632 - experiment_mnist_baseline - INFO - Training event [client_training_completed]: {'client_id': 'client_7', 'round': 5, 'metrics': {'loss': 0.01776498541731737, 'accuracy': 0.9945833333333334, 'training_time': 3.4665160179138184, 'effective_batch_size': 9, 'epochs_completed': 4, 'total_examples': 21600, 'final_memory_mb': 6848.4375, 'final_cpu_percent': 0.0, 'resource_constrained': True}}
2025-06-30 17:26:18,097 - experiment_mnist_baseline - INFO - Training event [client_training_completed]: {'client_id': 'client_8', 'round': 5, 'metrics': {'loss': 0.018379792984071015, 'accuracy': 0.9942129629629629, 'training_time': 3.4642140865325928, 'effective_batch_size': 9, 'epochs_completed': 4, 'total_examples': 21600, 'final_memory_mb': 6848.375, 'final_cpu_percent': 0.0, 'resource_constrained': True}}
2025-06-30 17:26:21,779 - experiment_mnist_baseline - INFO - Training event [client_training_completed]: {'client_id': 'client_9', 'round': 5, 'metrics': {'loss': 0.02146368908963844, 'accuracy': 0.9931944444444445, 'training_time': 3.682264804840088, 'effective_batch_size': 9, 'epochs_completed': 4, 'total_examples': 21600, 'final_memory_mb': 6820.375, 'final_cpu_percent': 0.0, 'resource_constrained': True}}
2025-06-30 17:26:21,782 - experiment_mnist_baseline - INFO - Training event [aggregation_completed]: {'round': 5, 'num_clients_aggregated': 10}
2025-06-30 17:26:22,506 - experiment_mnist_baseline - INFO - Round 5 metrics: {
  "round": 5,
  "num_participating_clients": 10,
  "num_successful_clients": 10,
  "train_accuracy": 0.9933750000000001,
  "train_loss": 0.02060267142400721,
  "test_accuracy": 0.9912,
  "test_loss": 0.026645350834499256,
  "test_f1_score": 0.979639055992596,
  "test_precision": 0.9805465493283928,
  "test_recall": 0.9787332408691632,
  "detection_rate": 0.9787332408691632,
  "timestamp": "2025-06-30T17:26:22.506257"
}
2025-06-30 17:26:22,506 - experiment_mnist_baseline - INFO - Round 6 client weights: {'client_0': 0.0883240447449362, 'client_1': 0.1473165995680995, 'client_2': 0.05142076042323563, 'client_3': 0.10082584200934422, 'client_4': 0.007625784379382281, 'client_5': 0.1294742649820624, 'client_6': 0.08224496799930607, 'client_7': 0.13324026617332344, 'client_8': 0.15652829857669276, 'client_9': 0.10299917114361754}
2025-06-30 17:26:25,998 - experiment_mnist_baseline - INFO - Training event [client_training_completed]: {'client_id': 'client_0', 'round': 6, 'metrics': {'loss': 0.02174765530041346, 'accuracy': 0.9940277777777777, 'training_time': 3.489906072616577, 'effective_batch_size': 9, 'epochs_completed': 4, 'total_examples': 21600, 'final_memory_mb': 6814.40625, 'final_cpu_percent': 0.0, 'resource_constrained': True}}
2025-06-30 17:26:29,529 - experiment_mnist_baseline - INFO - Training event [client_training_completed]: {'client_id': 'client_1', 'round': 6, 'metrics': {'loss': 0.02038751077567895, 'accuracy': 0.9941203703703704, 'training_time': 3.5307650566101074, 'effective_batch_size': 9, 'epochs_completed': 4, 'total_examples': 21600, 'final_memory_mb': 6815.296875, 'final_cpu_percent': 0.0, 'resource_constrained': True}}
2025-06-30 17:26:33,038 - experiment_mnist_baseline - INFO - Training event [client_training_completed]: {'client_id': 'client_2', 'round': 6, 'metrics': {'loss': 0.01818187604952752, 'accuracy': 0.9940740740740741, 'training_time': 3.509143829345703, 'effective_batch_size': 9, 'epochs_completed': 4, 'total_examples': 21600, 'final_memory_mb': 6837.203125, 'final_cpu_percent': 0.0, 'resource_constrained': True}}
2025-06-30 17:26:36,502 - experiment_mnist_baseline - INFO - Training event [client_training_completed]: {'client_id': 'client_3', 'round': 6, 'metrics': {'loss': 0.015927471799123964, 'accuracy': 0.9950925925925926, 'training_time': 3.4634881019592285, 'effective_batch_size': 9, 'epochs_completed': 4, 'total_examples': 21600, 'final_memory_mb': 6838.0625, 'final_cpu_percent': 0.0, 'resource_constrained': True}}
2025-06-30 17:26:39,968 - experiment_mnist_baseline - INFO - Training event [client_training_completed]: {'client_id': 'client_4', 'round': 6, 'metrics': {'loss': 0.024009034941482977, 'accuracy': 0.9912962962962963, 'training_time': 3.465646982192993, 'effective_batch_size': 9, 'epochs_completed': 4, 'total_examples': 21600, 'final_memory_mb': 6827.625, 'final_cpu_percent': 0.0, 'resource_constrained': True}}
2025-06-30 17:26:43,570 - experiment_mnist_baseline - INFO - Training event [client_training_completed]: {'client_id': 'client_5', 'round': 6, 'metrics': {'loss': 0.018253743252888935, 'accuracy': 0.9944907407407407, 'training_time': 3.601271152496338, 'effective_batch_size': 9, 'epochs_completed': 4, 'total_examples': 21600, 'final_memory_mb': 6826.90625, 'final_cpu_percent': 0.0, 'resource_constrained': True}}
2025-06-30 17:26:47,220 - experiment_mnist_baseline - INFO - Training event [client_training_completed]: {'client_id': 'client_6', 'round': 6, 'metrics': {'loss': 0.01945199386197068, 'accuracy': 0.9937037037037038, 'training_time': 3.6492867469787598, 'effective_batch_size': 9, 'epochs_completed': 4, 'total_examples': 21600, 'final_memory_mb': 6847.15625, 'final_cpu_percent': 0.0, 'resource_constrained': True}}
2025-06-30 17:26:51,059 - experiment_mnist_baseline - INFO - Training event [client_training_completed]: {'client_id': 'client_7', 'round': 6, 'metrics': {'loss': 0.014184329961561737, 'accuracy': 0.9953703703703703, 'training_time': 3.838142156600952, 'effective_batch_size': 9, 'epochs_completed': 4, 'total_examples': 21600, 'final_memory_mb': 6862.578125, 'final_cpu_percent': 0.0, 'resource_constrained': True}}
2025-06-30 17:26:54,819 - experiment_mnist_baseline - INFO - Training event [client_training_completed]: {'client_id': 'client_8', 'round': 6, 'metrics': {'loss': 0.015634815921230807, 'accuracy': 0.9946296296296296, 'training_time': 3.759856939315796, 'effective_batch_size': 9, 'epochs_completed': 4, 'total_examples': 21600, 'final_memory_mb': 6836.484375, 'final_cpu_percent': 0.0, 'resource_constrained': True}}
2025-06-30 17:26:58,467 - experiment_mnist_baseline - INFO - Training event [client_training_completed]: {'client_id': 'client_9', 'round': 6, 'metrics': {'loss': 0.018745219187405945, 'accuracy': 0.9946759259259259, 'training_time': 3.647876024246216, 'effective_batch_size': 9, 'epochs_completed': 4, 'total_examples': 21600, 'final_memory_mb': 6838.171875, 'final_cpu_percent': 0.0, 'resource_constrained': True}}
2025-06-30 17:26:58,469 - experiment_mnist_baseline - INFO - Training event [aggregation_completed]: {'round': 6, 'num_clients_aggregated': 10}
2025-06-30 17:26:59,199 - experiment_mnist_baseline - INFO - Round 6 metrics: {
  "round": 6,
  "num_participating_clients": 10,
  "num_successful_clients": 10,
  "train_accuracy": 0.9941481481481482,
  "train_loss": 0.0186523651051285,
  "test_accuracy": 0.9921,
  "test_loss": 0.025703866036350134,
  "test_f1_score": 0.9817002548065786,
  "test_precision": 0.9837511606313835,
  "test_recall": 0.9796578825705039,
  "detection_rate": 0.9796578825705039,
  "timestamp": "2025-06-30T17:26:59.199736"
}
2025-06-30 17:26:59,200 - experiment_mnist_baseline - INFO - Round 7 client weights: {'client_0': 0.004275703347749355, 'client_1': 0.018334620436286114, 'client_2': 0.06359992555854947, 'client_3': 0.026413290415228344, 'client_4': 0.25459056898907684, 'client_5': 0.03479439617879298, 'client_6': 0.24576186220613636, 'client_7': 0.054189591561038315, 'client_8': 0.012293056256919538, 'client_9': 0.2857469850502226}
2025-06-30 17:27:02,885 - experiment_mnist_baseline - INFO - Training event [client_training_completed]: {'client_id': 'client_0', 'round': 7, 'metrics': {'loss': 0.018019969171538718, 'accuracy': 0.9943518518518518, 'training_time': 3.6835389137268066, 'effective_batch_size': 9, 'epochs_completed': 4, 'total_examples': 21600, 'final_memory_mb': 6819.125, 'final_cpu_percent': 0.0, 'resource_constrained': True}}
2025-06-30 17:27:06,435 - experiment_mnist_baseline - INFO - Training event [client_training_completed]: {'client_id': 'client_1', 'round': 7, 'metrics': {'loss': 0.013227407554328604, 'accuracy': 0.9954166666666666, 'training_time': 3.5501742362976074, 'effective_batch_size': 9, 'epochs_completed': 4, 'total_examples': 21600, 'final_memory_mb': 6834.640625, 'final_cpu_percent': 0.0, 'resource_constrained': True}}
2025-06-30 17:27:10,155 - experiment_mnist_baseline - INFO - Training event [client_training_completed]: {'client_id': 'client_2', 'round': 7, 'metrics': {'loss': 0.019896666103841765, 'accuracy': 0.9939351851851852, 'training_time': 3.7194130420684814, 'effective_batch_size': 9, 'epochs_completed': 4, 'total_examples': 21600, 'final_memory_mb': 6853.0625, 'final_cpu_percent': 0.0, 'resource_constrained': True}}
2025-06-30 17:27:13,634 - experiment_mnist_baseline - INFO - Training event [client_training_completed]: {'client_id': 'client_3', 'round': 7, 'metrics': {'loss': 0.015561783639099219, 'accuracy': 0.9947685185185186, 'training_time': 3.478346109390259, 'effective_batch_size': 9, 'epochs_completed': 4, 'total_examples': 21600, 'final_memory_mb': 6859.171875, 'final_cpu_percent': 0.0, 'resource_constrained': True}}
2025-06-30 17:27:17,120 - experiment_mnist_baseline - INFO - Training event [client_training_completed]: {'client_id': 'client_4', 'round': 7, 'metrics': {'loss': 0.022010705713641828, 'accuracy': 0.9933796296296297, 'training_time': 3.4851341247558594, 'effective_batch_size': 9, 'epochs_completed': 4, 'total_examples': 21600, 'final_memory_mb': 6856.15625, 'final_cpu_percent': 0.0, 'resource_constrained': True}}
2025-06-30 17:27:20,688 - experiment_mnist_baseline - INFO - Training event [client_training_completed]: {'client_id': 'client_5', 'round': 7, 'metrics': {'loss': 0.015725033586038155, 'accuracy': 0.9947222222222222, 'training_time': 3.56731915473938, 'effective_batch_size': 9, 'epochs_completed': 4, 'total_examples': 21600, 'final_memory_mb': 6805.828125, 'final_cpu_percent': 0.0, 'resource_constrained': True}}
2025-06-30 17:27:24,132 - experiment_mnist_baseline - INFO - Training event [client_training_completed]: {'client_id': 'client_6', 'round': 7, 'metrics': {'loss': 0.015519421963878491, 'accuracy': 0.9948148148148148, 'training_time': 3.443665027618408, 'effective_batch_size': 9, 'epochs_completed': 4, 'total_examples': 21600, 'final_memory_mb': 6816.109375, 'final_cpu_percent': 0.0, 'resource_constrained': True}}
2025-06-30 17:27:27,611 - experiment_mnist_baseline - INFO - Training event [client_training_completed]: {'client_id': 'client_7', 'round': 7, 'metrics': {'loss': 0.01539780526662066, 'accuracy': 0.9955555555555555, 'training_time': 3.4785709381103516, 'effective_batch_size': 9, 'epochs_completed': 4, 'total_examples': 21600, 'final_memory_mb': 6825.6875, 'final_cpu_percent': 0.0, 'resource_constrained': True}}
2025-06-30 17:27:31,188 - experiment_mnist_baseline - INFO - Training event [client_training_completed]: {'client_id': 'client_8', 'round': 7, 'metrics': {'loss': 0.013905404830873973, 'accuracy': 0.9955555555555555, 'training_time': 3.576262950897217, 'effective_batch_size': 9, 'epochs_completed': 4, 'total_examples': 21600, 'final_memory_mb': 6821.109375, 'final_cpu_percent': 0.0, 'resource_constrained': True}}
2025-06-30 17:27:35,080 - experiment_mnist_baseline - INFO - Training event [client_training_completed]: {'client_id': 'client_9', 'round': 7, 'metrics': {'loss': 0.01755342835515293, 'accuracy': 0.9942592592592593, 'training_time': 3.891101121902466, 'effective_batch_size': 9, 'epochs_completed': 4, 'total_examples': 21600, 'final_memory_mb': 6799.90625, 'final_cpu_percent': 0.0, 'resource_constrained': True}}
2025-06-30 17:27:35,082 - experiment_mnist_baseline - INFO - Training event [aggregation_completed]: {'round': 7, 'num_clients_aggregated': 10}
2025-06-30 17:27:35,815 - experiment_mnist_baseline - INFO - Round 7 metrics: {
  "round": 7,
  "num_participating_clients": 10,
  "num_successful_clients": 10,
  "train_accuracy": 0.9946759259259258,
  "train_loss": 0.016681762618501433,
  "test_accuracy": 0.9918,
  "test_loss": 0.02664179684157693,
  "test_f1_score": 0.9810360777058279,
  "test_precision": 0.98149005090236,
  "test_recall": 0.9805825242718447,
  "detection_rate": 0.9805825242718447,
  "timestamp": "2025-06-30T17:27:35.815626"
}
2025-06-30 17:27:35,816 - experiment_mnist_baseline - INFO - Round 8 client weights: {'client_0': 0.10577513114349538, 'client_1': 0.02479707213355337, 'client_2': 0.14652185345383958, 'client_3': 0.1337706307575658, 'client_4': 0.11043666679884742, 'client_5': 0.056849290650703016, 'client_6': 0.024000667910314317, 'client_7': 0.2450444945265843, 'client_8': 0.12884936884950796, 'client_9': 0.02395482377558887}
2025-06-30 17:27:39,653 - experiment_mnist_baseline - INFO - Training event [client_training_completed]: {'client_id': 'client_0', 'round': 8, 'metrics': {'loss': 0.021072670900031235, 'accuracy': 0.9947685185185186, 'training_time': 3.835052013397217, 'effective_batch_size': 9, 'epochs_completed': 4, 'total_examples': 21600, 'final_memory_mb': 6808.78125, 'final_cpu_percent': 0.0, 'resource_constrained': True}}
2025-06-30 17:27:43,654 - experiment_mnist_baseline - INFO - Training event [client_training_completed]: {'client_id': 'client_1', 'round': 8, 'metrics': {'loss': 0.01796923956149049, 'accuracy': 0.9947222222222222, 'training_time': 4.000513076782227, 'effective_batch_size': 9, 'epochs_completed': 4, 'total_examples': 21600, 'final_memory_mb': 6794.71875, 'final_cpu_percent': 0.0, 'resource_constrained': True}}
2025-06-30 17:27:47,223 - experiment_mnist_baseline - INFO - Training event [client_training_completed]: {'client_id': 'client_2', 'round': 8, 'metrics': {'loss': 0.016915584200568035, 'accuracy': 0.9948611111111111, 'training_time': 3.5688400268554688, 'effective_batch_size': 9, 'epochs_completed': 4, 'total_examples': 21600, 'final_memory_mb': 6822.3125, 'final_cpu_percent': 0.0, 'resource_constrained': True}}
2025-06-30 17:27:50,773 - experiment_mnist_baseline - INFO - Training event [client_training_completed]: {'client_id': 'client_3', 'round': 8, 'metrics': {'loss': 0.014233117684784235, 'accuracy': 0.995, 'training_time': 3.5491278171539307, 'effective_batch_size': 9, 'epochs_completed': 4, 'total_examples': 21600, 'final_memory_mb': 6819.9375, 'final_cpu_percent': 0.0, 'resource_constrained': True}}
2025-06-30 17:27:54,290 - experiment_mnist_baseline - INFO - Training event [client_training_completed]: {'client_id': 'client_4', 'round': 8, 'metrics': {'loss': 0.015390307980889579, 'accuracy': 0.9950462962962963, 'training_time': 3.5167407989501953, 'effective_batch_size': 9, 'epochs_completed': 4, 'total_examples': 21600, 'final_memory_mb': 6830.890625, 'final_cpu_percent': 0.0, 'resource_constrained': True}}
2025-06-30 17:27:57,963 - experiment_mnist_baseline - INFO - Training event [client_training_completed]: {'client_id': 'client_5', 'round': 8, 'metrics': {'loss': 0.014319390839370184, 'accuracy': 0.9949537037037037, 'training_time': 3.672879695892334, 'effective_batch_size': 9, 'epochs_completed': 4, 'total_examples': 21600, 'final_memory_mb': 6839.453125, 'final_cpu_percent': 0.0, 'resource_constrained': True}}
2025-06-30 17:28:01,707 - experiment_mnist_baseline - INFO - Training event [client_training_completed]: {'client_id': 'client_6', 'round': 8, 'metrics': {'loss': 0.01655221781726724, 'accuracy': 0.9954166666666666, 'training_time': 3.7431390285491943, 'effective_batch_size': 9, 'epochs_completed': 4, 'total_examples': 21600, 'final_memory_mb': 6884.734375, 'final_cpu_percent': 0.0, 'resource_constrained': True}}
2025-06-30 17:28:05,184 - experiment_mnist_baseline - INFO - Training event [client_training_completed]: {'client_id': 'client_7', 'round': 8, 'metrics': {'loss': 0.013500535460913007, 'accuracy': 0.99625, 'training_time': 3.4763541221618652, 'effective_batch_size': 9, 'epochs_completed': 4, 'total_examples': 21600, 'final_memory_mb': 6885.6875, 'final_cpu_percent': 0.0, 'resource_constrained': True}}
2025-06-30 17:28:08,938 - experiment_mnist_baseline - INFO - Training event [client_training_completed]: {'client_id': 'client_8', 'round': 8, 'metrics': {'loss': 0.013235414731940752, 'accuracy': 0.9954166666666666, 'training_time': 3.7538256645202637, 'effective_batch_size': 9, 'epochs_completed': 4, 'total_examples': 21600, 'final_memory_mb': 6875.609375, 'final_cpu_percent': 0.0, 'resource_constrained': True}}
2025-06-30 17:28:12,432 - experiment_mnist_baseline - INFO - Training event [client_training_completed]: {'client_id': 'client_9', 'round': 8, 'metrics': {'loss': 0.01460160522134803, 'accuracy': 0.9960648148148148, 'training_time': 3.4925849437713623, 'effective_batch_size': 9, 'epochs_completed': 4, 'total_examples': 21600, 'final_memory_mb': 6872.5625, 'final_cpu_percent': 0.0, 'resource_constrained': True}}
2025-06-30 17:28:12,434 - experiment_mnist_baseline - INFO - Training event [aggregation_completed]: {'round': 8, 'num_clients_aggregated': 10}
2025-06-30 17:28:13,186 - experiment_mnist_baseline - INFO - Round 8 metrics: {
  "round": 8,
  "num_participating_clients": 10,
  "num_successful_clients": 10,
  "train_accuracy": 0.9952500000000001,
  "train_loss": 0.01577900843986028,
  "test_accuracy": 0.9919,
  "test_loss": 0.025703571116769665,
  "test_f1_score": 0.9813407049067036,
  "test_precision": 0.977961432506887,
  "test_recall": 0.984743411927878,
  "detection_rate": 0.984743411927878,
  "timestamp": "2025-06-30T17:28:13.186050"
}
2025-06-30 17:28:13,186 - experiment_mnist_baseline - INFO - Round 9 client weights: {'client_0': 0.11208206051787124, 'client_1': 0.40817938470648973, 'client_2': 0.13122625307813932, 'client_3': 0.0021372294032676277, 'client_4': 0.009995479113787153, 'client_5': 0.17145545484498165, 'client_6': 0.02341072499522318, 'client_7': 0.09529988917213948, 'client_8': 0.005602090013461029, 'client_9': 0.04061143415463973}
2025-06-30 17:28:17,013 - experiment_mnist_baseline - INFO - Training event [client_training_completed]: {'client_id': 'client_0', 'round': 9, 'metrics': {'loss': 0.01791020842117766, 'accuracy': 0.9951388888888889, 'training_time': 3.824978828430176, 'effective_batch_size': 9, 'epochs_completed': 4, 'total_examples': 21600, 'final_memory_mb': 6923.828125, 'final_cpu_percent': 0.0, 'resource_constrained': True}}
2025-06-30 17:28:21,194 - experiment_mnist_baseline - INFO - Training event [client_training_completed]: {'client_id': 'client_1', 'round': 9, 'metrics': {'loss': 0.015920960982521035, 'accuracy': 0.9953240740740741, 'training_time': 4.179521083831787, 'effective_batch_size': 9, 'epochs_completed': 4, 'total_examples': 21600, 'final_memory_mb': 6807.375, 'final_cpu_percent': 0.0, 'resource_constrained': True}}
2025-06-30 17:28:25,125 - experiment_mnist_baseline - INFO - Training event [client_training_completed]: {'client_id': 'client_2', 'round': 9, 'metrics': {'loss': 0.011132637130703178, 'accuracy': 0.9963888888888889, 'training_time': 3.9304866790771484, 'effective_batch_size': 9, 'epochs_completed': 4, 'total_examples': 21600, 'final_memory_mb': 6808.203125, 'final_cpu_percent': 0.0, 'resource_constrained': True}}
2025-06-30 17:28:28,698 - experiment_mnist_baseline - INFO - Training event [client_training_completed]: {'client_id': 'client_3', 'round': 9, 'metrics': {'loss': 0.013546611093189357, 'accuracy': 0.9960185185185185, 'training_time': 3.572543144226074, 'effective_batch_size': 9, 'epochs_completed': 4, 'total_examples': 21600, 'final_memory_mb': 6792.34375, 'final_cpu_percent': 0.0, 'resource_constrained': True}}
2025-06-30 17:28:32,214 - experiment_mnist_baseline - INFO - Training event [client_training_completed]: {'client_id': 'client_4', 'round': 9, 'metrics': {'loss': 0.016534178603849387, 'accuracy': 0.9943055555555556, 'training_time': 3.516158103942871, 'effective_batch_size': 9, 'epochs_completed': 4, 'total_examples': 21600, 'final_memory_mb': 6787.125, 'final_cpu_percent': 0.0, 'resource_constrained': True}}
2025-06-30 17:28:35,980 - experiment_mnist_baseline - INFO - Training event [client_training_completed]: {'client_id': 'client_5', 'round': 9, 'metrics': {'loss': 0.01489571451690504, 'accuracy': 0.9953703703703703, 'training_time': 3.7649929523468018, 'effective_batch_size': 9, 'epochs_completed': 4, 'total_examples': 21600, 'final_memory_mb': 6780.59375, 'final_cpu_percent': 0.0, 'resource_constrained': True}}
2025-06-30 17:28:39,618 - experiment_mnist_baseline - INFO - Training event [client_training_completed]: {'client_id': 'client_6', 'round': 9, 'metrics': {'loss': 0.012946951960378478, 'accuracy': 0.9961574074074074, 'training_time': 3.6376471519470215, 'effective_batch_size': 9, 'epochs_completed': 4, 'total_examples': 21600, 'final_memory_mb': 6781.5625, 'final_cpu_percent': 0.0, 'resource_constrained': True}}
2025-06-30 17:28:43,125 - experiment_mnist_baseline - INFO - Training event [client_training_completed]: {'client_id': 'client_7', 'round': 9, 'metrics': {'loss': 0.010429287367859884, 'accuracy': 0.9965740740740741, 'training_time': 3.5065760612487793, 'effective_batch_size': 9, 'epochs_completed': 4, 'total_examples': 21600, 'final_memory_mb': 6779.921875, 'final_cpu_percent': 0.0, 'resource_constrained': True}}
2025-06-30 17:28:47,026 - experiment_mnist_baseline - INFO - Training event [client_training_completed]: {'client_id': 'client_8', 'round': 9, 'metrics': {'loss': 0.014181707060666657, 'accuracy': 0.9955555555555555, 'training_time': 3.900268793106079, 'effective_batch_size': 9, 'epochs_completed': 4, 'total_examples': 21600, 'final_memory_mb': 6786.28125, 'final_cpu_percent': 0.0, 'resource_constrained': True}}
2025-06-30 17:28:50,670 - experiment_mnist_baseline - INFO - Training event [client_training_completed]: {'client_id': 'client_9', 'round': 9, 'metrics': {'loss': 0.013730470873269573, 'accuracy': 0.99625, 'training_time': 3.6437299251556396, 'effective_batch_size': 9, 'epochs_completed': 4, 'total_examples': 21600, 'final_memory_mb': 6782.875, 'final_cpu_percent': 0.0, 'resource_constrained': True}}
2025-06-30 17:28:50,673 - experiment_mnist_baseline - INFO - Training event [aggregation_completed]: {'round': 9, 'num_clients_aggregated': 10}
2025-06-30 17:28:51,402 - experiment_mnist_baseline - INFO - Round 9 metrics: {
  "round": 9,
  "num_participating_clients": 10,
  "num_successful_clients": 10,
  "train_accuracy": 0.9957083333333333,
  "train_loss": 0.014122872801052025,
  "test_accuracy": 0.9922,
  "test_loss": 0.0247843936313743,
  "test_f1_score": 0.9819109461966605,
  "test_precision": 0.9851093531875291,
  "test_recall": 0.9787332408691632,
  "detection_rate": 0.9787332408691632,
  "timestamp": "2025-06-30T17:28:51.401984"
}
2025-06-30 17:28:51,402 - experiment_mnist_baseline - INFO - Round 10 client weights: {'client_0': 0.05071798992037978, 'client_1': 0.09693589062071772, 'client_2': 0.1255480142417679, 'client_3': 0.24206525555906483, 'client_4': 0.12800213259852597, 'client_5': 0.05609121481313021, 'client_6': 0.0278886974065533, 'client_7': 0.0840803760345411, 'client_8': 0.04709522052027399, 'client_9': 0.14157520828504516}
2025-06-30 17:28:55,002 - experiment_mnist_baseline - INFO - Training event [client_training_completed]: {'client_id': 'client_0', 'round': 10, 'metrics': {'loss': 0.015450786930478628, 'accuracy': 0.9952777777777778, 'training_time': 3.598351001739502, 'effective_batch_size': 9, 'epochs_completed': 4, 'total_examples': 21600, 'final_memory_mb': 6797.046875, 'final_cpu_percent': 0.0, 'resource_constrained': True}}
2025-06-30 17:28:58,734 - experiment_mnist_baseline - INFO - Training event [client_training_completed]: {'client_id': 'client_1', 'round': 10, 'metrics': {'loss': 0.010315644900596457, 'accuracy': 0.997037037037037, 'training_time': 3.731139898300171, 'effective_batch_size': 9, 'epochs_completed': 4, 'total_examples': 21600, 'final_memory_mb': 6841.65625, 'final_cpu_percent': 0.0, 'resource_constrained': True}}
2025-06-30 17:29:02,737 - experiment_mnist_baseline - INFO - Training event [client_training_completed]: {'client_id': 'client_2', 'round': 10, 'metrics': {'loss': 0.011442918985219602, 'accuracy': 0.9962037037037037, 'training_time': 4.003276109695435, 'effective_batch_size': 9, 'epochs_completed': 4, 'total_examples': 21600, 'final_memory_mb': 6897.515625, 'final_cpu_percent': 59.6, 'resource_constrained': True}}
2025-06-30 17:29:08,336 - experiment_mnist_baseline - INFO - Training event [client_training_completed]: {'client_id': 'client_3', 'round': 10, 'metrics': {'loss': 0.012930319151850637, 'accuracy': 0.9960185185185185, 'training_time': 5.597484827041626, 'effective_batch_size': 9, 'epochs_completed': 4, 'total_examples': 21600, 'final_memory_mb': 6953.5625, 'final_cpu_percent': 0.0, 'resource_constrained': True}}
2025-06-30 17:29:13,192 - experiment_mnist_baseline - INFO - Training event [client_training_completed]: {'client_id': 'client_4', 'round': 10, 'metrics': {'loss': 0.01690184298712284, 'accuracy': 0.9946296296296296, 'training_time': 4.855391025543213, 'effective_batch_size': 9, 'epochs_completed': 4, 'total_examples': 21600, 'final_memory_mb': 6933.0, 'final_cpu_percent': 0.0, 'resource_constrained': True}}
2025-06-30 17:29:18,049 - experiment_mnist_baseline - INFO - Training event [client_training_completed]: {'client_id': 'client_5', 'round': 10, 'metrics': {'loss': 0.010118888898190886, 'accuracy': 0.9964351851851851, 'training_time': 4.856306314468384, 'effective_batch_size': 9, 'epochs_completed': 4, 'total_examples': 21600, 'final_memory_mb': 6913.984375, 'final_cpu_percent': 0.0, 'resource_constrained': True}}
2025-06-30 17:29:25,627 - experiment_mnist_baseline - INFO - Training event [client_training_completed]: {'client_id': 'client_6', 'round': 10, 'metrics': {'loss': 0.013177955936553638, 'accuracy': 0.9962037037037037, 'training_time': 7.57686972618103, 'effective_batch_size': 9, 'epochs_completed': 4, 'total_examples': 21600, 'final_memory_mb': 6809.4375, 'final_cpu_percent': 0.0, 'resource_constrained': True}}
2025-06-30 17:29:31,631 - experiment_mnist_baseline - INFO - Training event [client_training_completed]: {'client_id': 'client_7', 'round': 10, 'metrics': {'loss': 0.011163394513294346, 'accuracy': 0.9965277777777778, 'training_time': 6.002131223678589, 'effective_batch_size': 9, 'epochs_completed': 4, 'total_examples': 21600, 'final_memory_mb': 6810.78125, 'final_cpu_percent': 0.0, 'resource_constrained': True}}
2025-06-30 17:29:36,344 - experiment_mnist_baseline - INFO - Training event [client_training_completed]: {'client_id': 'client_8', 'round': 10, 'metrics': {'loss': 0.013184896075207548, 'accuracy': 0.9961111111111111, 'training_time': 4.7124457359313965, 'effective_batch_size': 9, 'epochs_completed': 4, 'total_examples': 21600, 'final_memory_mb': 6660.375, 'final_cpu_percent': 0.0, 'resource_constrained': True}}
2025-06-30 17:29:40,331 - experiment_mnist_baseline - INFO - Training event [client_training_completed]: {'client_id': 'client_9', 'round': 10, 'metrics': {'loss': 0.012912273471931811, 'accuracy': 0.9962037037037037, 'training_time': 3.986646890640259, 'effective_batch_size': 9, 'epochs_completed': 4, 'total_examples': 21600, 'final_memory_mb': 6569.203125, 'final_cpu_percent': 0.0, 'resource_constrained': True}}
2025-06-30 17:29:40,336 - experiment_mnist_baseline - INFO - Training event [aggregation_completed]: {'round': 10, 'num_clients_aggregated': 10}
2025-06-30 17:29:41,110 - experiment_mnist_baseline - INFO - Round 10 metrics: {
  "round": 10,
  "num_participating_clients": 10,
  "num_successful_clients": 10,
  "train_accuracy": 0.9960648148148149,
  "train_loss": 0.012759892185044638,
  "test_accuracy": 0.992,
  "test_loss": 0.024972188086786726,
  "test_f1_score": 0.9815242494226327,
  "test_precision": 0.9806183664051684,
  "test_recall": 0.9824318076745261,
  "detection_rate": 0.9824318076745261,
  "timestamp": "2025-06-30T17:29:41.110812"
}
2025-06-30 17:29:41,111 - experiment_mnist_baseline - INFO - Round 11 client weights: {'client_0': 0.04550226583675486, 'client_1': 0.12800841356743528, 'client_2': 0.08882897987221232, 'client_3': 0.19603094347589367, 'client_4': 0.01570695171243216, 'client_5': 0.0029266097303518707, 'client_6': 0.2141335732282518, 'client_7': 0.0653277253907447, 'client_8': 0.13000260670577832, 'client_9': 0.11353193048014489}
2025-06-30 17:29:45,530 - experiment_mnist_baseline - INFO - Training event [client_training_completed]: {'client_id': 'client_0', 'round': 11, 'metrics': {'loss': 0.01827858975734013, 'accuracy': 0.9948611111111111, 'training_time': 4.416765928268433, 'effective_batch_size': 9, 'epochs_completed': 4, 'total_examples': 21600, 'final_memory_mb': 6619.484375, 'final_cpu_percent': 0.0, 'resource_constrained': True}}
2025-06-30 17:29:50,248 - experiment_mnist_baseline - INFO - Training event [client_training_completed]: {'client_id': 'client_1', 'round': 11, 'metrics': {'loss': 0.010171677961916571, 'accuracy': 0.9965277777777778, 'training_time': 4.718212127685547, 'effective_batch_size': 9, 'epochs_completed': 4, 'total_examples': 21600, 'final_memory_mb': 6779.484375, 'final_cpu_percent': 63.6, 'resource_constrained': True}}
2025-06-30 17:29:54,224 - experiment_mnist_baseline - INFO - Training event [client_training_completed]: {'client_id': 'client_2', 'round': 11, 'metrics': {'loss': 0.012533268929479554, 'accuracy': 0.9963425925925926, 'training_time': 3.9745888710021973, 'effective_batch_size': 9, 'epochs_completed': 4, 'total_examples': 21600, 'final_memory_mb': 6742.796875, 'final_cpu_percent': 61.1, 'resource_constrained': True}}
2025-06-30 17:29:58,153 - experiment_mnist_baseline - INFO - Training event [client_training_completed]: {'client_id': 'client_3', 'round': 11, 'metrics': {'loss': 0.008808153158802722, 'accuracy': 0.9976388888888889, 'training_time': 3.928041934967041, 'effective_batch_size': 9, 'epochs_completed': 4, 'total_examples': 21600, 'final_memory_mb': 6810.0625, 'final_cpu_percent': 0.0, 'resource_constrained': True}}
2025-06-30 17:30:02,055 - experiment_mnist_baseline - INFO - Training event [client_training_completed]: {'client_id': 'client_4', 'round': 11, 'metrics': {'loss': 0.014119334931506383, 'accuracy': 0.9952777777777778, 'training_time': 3.901392936706543, 'effective_batch_size': 9, 'epochs_completed': 4, 'total_examples': 21600, 'final_memory_mb': 6726.3125, 'final_cpu_percent': 0.0, 'resource_constrained': True}}
2025-06-30 17:30:05,676 - experiment_mnist_baseline - INFO - Training event [client_training_completed]: {'client_id': 'client_5', 'round': 11, 'metrics': {'loss': 0.011270805170887896, 'accuracy': 0.9966203703703703, 'training_time': 3.620481014251709, 'effective_batch_size': 9, 'epochs_completed': 4, 'total_examples': 21600, 'final_memory_mb': 6644.984375, 'final_cpu_percent': 0.0, 'resource_constrained': True}}
2025-06-30 17:30:09,345 - experiment_mnist_baseline - INFO - Training event [client_training_completed]: {'client_id': 'client_6', 'round': 11, 'metrics': {'loss': 0.01110859401733241, 'accuracy': 0.9965740740740741, 'training_time': 3.6685800552368164, 'effective_batch_size': 9, 'epochs_completed': 4, 'total_examples': 21600, 'final_memory_mb': 6637.984375, 'final_cpu_percent': 0.0, 'resource_constrained': True}}
2025-06-30 17:30:12,904 - experiment_mnist_baseline - INFO - Training event [client_training_completed]: {'client_id': 'client_7', 'round': 11, 'metrics': {'loss': 0.011352135890049787, 'accuracy': 0.9965740740740741, 'training_time': 3.5586960315704346, 'effective_batch_size': 9, 'epochs_completed': 4, 'total_examples': 21600, 'final_memory_mb': 6138.21875, 'final_cpu_percent': 0.0, 'resource_constrained': True}}
2025-06-30 17:30:17,648 - experiment_mnist_baseline - INFO - Training event [client_training_completed]: {'client_id': 'client_8', 'round': 11, 'metrics': {'loss': 0.012411681643207962, 'accuracy': 0.9960185185185185, 'training_time': 4.744018316268921, 'effective_batch_size': 9, 'epochs_completed': 4, 'total_examples': 21600, 'final_memory_mb': 6374.625, 'final_cpu_percent': 55.6, 'resource_constrained': True}}
2025-06-30 17:30:21,646 - experiment_mnist_baseline - INFO - Training event [client_training_completed]: {'client_id': 'client_9', 'round': 11, 'metrics': {'loss': 0.012777674425742961, 'accuracy': 0.9965277777777778, 'training_time': 3.9962570667266846, 'effective_batch_size': 9, 'epochs_completed': 4, 'total_examples': 21600, 'final_memory_mb': 6359.90625, 'final_cpu_percent': 0.0, 'resource_constrained': True}}
2025-06-30 17:30:21,648 - experiment_mnist_baseline - INFO - Training event [aggregation_completed]: {'round': 11, 'num_clients_aggregated': 10}
2025-06-30 17:30:22,394 - experiment_mnist_baseline - INFO - Round 11 metrics: {
  "round": 11,
  "num_participating_clients": 10,
  "num_successful_clients": 10,
  "train_accuracy": 0.9962962962962963,
  "train_loss": 0.012283191588626638,
  "test_accuracy": 0.9921,
  "test_loss": 0.02295453529105477,
  "test_f1_score": 0.9817341040462427,
  "test_precision": 0.9819611470860314,
  "test_recall": 0.9815071659731854,
  "detection_rate": 0.9815071659731854,
  "timestamp": "2025-06-30T17:30:22.394745"
}
2025-06-30 17:30:22,395 - experiment_mnist_baseline - INFO - Round 12 client weights: {'client_0': 0.008090371542303165, 'client_1': 0.1204261430701231, 'client_2': 0.09343814088645197, 'client_3': 0.07142012071594069, 'client_4': 0.0009680294210783631, 'client_5': 0.018213525236794318, 'client_6': 0.03517662944893145, 'client_7': 0.5687686208923756, 'client_8': 0.00858894279305586, 'client_9': 0.07490947599294538}
2025-06-30 17:30:26,097 - experiment_mnist_baseline - INFO - Training event [client_training_completed]: {'client_id': 'client_0', 'round': 12, 'metrics': {'loss': 0.010423602042156737, 'accuracy': 0.9966666666666667, 'training_time': 3.7001001834869385, 'effective_batch_size': 9, 'epochs_completed': 4, 'total_examples': 21600, 'final_memory_mb': 6350.109375, 'final_cpu_percent': 0.0, 'resource_constrained': True}}
2025-06-30 17:30:29,824 - experiment_mnist_baseline - INFO - Training event [client_training_completed]: {'client_id': 'client_1', 'round': 12, 'metrics': {'loss': 0.011402012253285264, 'accuracy': 0.9966666666666667, 'training_time': 3.726901054382324, 'effective_batch_size': 9, 'epochs_completed': 4, 'total_examples': 21600, 'final_memory_mb': 6383.09375, 'final_cpu_percent': 0.0, 'resource_constrained': True}}
2025-06-30 17:30:33,408 - experiment_mnist_baseline - INFO - Training event [client_training_completed]: {'client_id': 'client_2', 'round': 12, 'metrics': {'loss': 0.010448965875526269, 'accuracy': 0.9968518518518519, 'training_time': 3.583056926727295, 'effective_batch_size': 9, 'epochs_completed': 4, 'total_examples': 21600, 'final_memory_mb': 6348.578125, 'final_cpu_percent': 0.0, 'resource_constrained': True}}
2025-06-30 17:30:37,310 - experiment_mnist_baseline - INFO - Training event [client_training_completed]: {'client_id': 'client_3', 'round': 12, 'metrics': {'loss': 0.011752738386032243, 'accuracy': 0.996712962962963, 'training_time': 3.901660919189453, 'effective_batch_size': 9, 'epochs_completed': 4, 'total_examples': 21600, 'final_memory_mb': 6387.328125, 'final_cpu_percent': 0.0, 'resource_constrained': True}}
2025-06-30 17:30:40,952 - experiment_mnist_baseline - INFO - Training event [client_training_completed]: {'client_id': 'client_4', 'round': 12, 'metrics': {'loss': 0.012644722761552242, 'accuracy': 0.9956481481481482, 'training_time': 3.6419880390167236, 'effective_batch_size': 9, 'epochs_completed': 4, 'total_examples': 21600, 'final_memory_mb': 6397.25, 'final_cpu_percent': 0.0, 'resource_constrained': True}}
2025-06-30 17:30:44,750 - experiment_mnist_baseline - INFO - Training event [client_training_completed]: {'client_id': 'client_5', 'round': 12, 'metrics': {'loss': 0.01116560783678469, 'accuracy': 0.9962037037037037, 'training_time': 3.7975361347198486, 'effective_batch_size': 9, 'epochs_completed': 4, 'total_examples': 21600, 'final_memory_mb': 6373.34375, 'final_cpu_percent': 57.1, 'resource_constrained': True}}
2025-06-30 17:30:48,641 - experiment_mnist_baseline - INFO - Training event [client_training_completed]: {'client_id': 'client_6', 'round': 12, 'metrics': {'loss': 0.01407982758432731, 'accuracy': 0.9959259259259259, 'training_time': 3.8905551433563232, 'effective_batch_size': 9, 'epochs_completed': 4, 'total_examples': 21600, 'final_memory_mb': 6384.9375, 'final_cpu_percent': 0.0, 'resource_constrained': True}}
2025-06-30 17:30:52,267 - experiment_mnist_baseline - INFO - Training event [client_training_completed]: {'client_id': 'client_7', 'round': 12, 'metrics': {'loss': 0.012119307149733501, 'accuracy': 0.9968055555555555, 'training_time': 3.6255061626434326, 'effective_batch_size': 9, 'epochs_completed': 4, 'total_examples': 21600, 'final_memory_mb': 6367.203125, 'final_cpu_percent': 0.0, 'resource_constrained': True}}
2025-06-30 17:30:55,826 - experiment_mnist_baseline - INFO - Training event [client_training_completed]: {'client_id': 'client_8', 'round': 12, 'metrics': {'loss': 0.009071052931471925, 'accuracy': 0.9970833333333333, 'training_time': 3.558809995651245, 'effective_batch_size': 9, 'epochs_completed': 4, 'total_examples': 21600, 'final_memory_mb': 6365.15625, 'final_cpu_percent': 55.6, 'resource_constrained': True}}
2025-06-30 17:30:59,950 - experiment_mnist_baseline - INFO - Training event [client_training_completed]: {'client_id': 'client_9', 'round': 12, 'metrics': {'loss': 0.011109058054358465, 'accuracy': 0.9968981481481481, 'training_time': 4.121359825134277, 'effective_batch_size': 9, 'epochs_completed': 4, 'total_examples': 21600, 'final_memory_mb': 6314.6875, 'final_cpu_percent': 0.0, 'resource_constrained': True}}
2025-06-30 17:30:59,951 - experiment_mnist_baseline - INFO - Training event [aggregation_completed]: {'round': 12, 'num_clients_aggregated': 10}
2025-06-30 17:31:00,690 - experiment_mnist_baseline - INFO - Round 12 metrics: {
  "round": 12,
  "num_participating_clients": 10,
  "num_successful_clients": 10,
  "train_accuracy": 0.9965462962962963,
  "train_loss": 0.011421689487522865,
  "test_accuracy": 0.9916,
  "test_loss": 0.029017680893417264,
  "test_f1_score": 0.9807073954983924,
  "test_precision": 0.9744408945686901,
  "test_recall": 0.9870550161812298,
  "detection_rate": 0.9870550161812298,
  "timestamp": "2025-06-30T17:31:00.690554"
}
2025-06-30 17:31:00,690 - experiment_mnist_baseline - INFO - Round 13 client weights: {'client_0': 0.07824298919648454, 'client_1': 0.012642976284505485, 'client_2': 0.23918207823128834, 'client_3': 0.0442126494340165, 'client_4': 0.12410857303476094, 'client_5': 0.08723286999886928, 'client_6': 0.10500448001768163, 'client_7': 0.059850535414307446, 'client_8': 0.0854891567046594, 'client_9': 0.16403369168342632}
2025-06-30 17:31:04,709 - experiment_mnist_baseline - INFO - Training event [client_training_completed]: {'client_id': 'client_0', 'round': 13, 'metrics': {'loss': 0.015896340723855727, 'accuracy': 0.9963888888888889, 'training_time': 4.016785144805908, 'effective_batch_size': 9, 'epochs_completed': 4, 'total_examples': 21600, 'final_memory_mb': 6308.578125, 'final_cpu_percent': 0.0, 'resource_constrained': True}}
2025-06-30 17:31:08,331 - experiment_mnist_baseline - INFO - Training event [client_training_completed]: {'client_id': 'client_1', 'round': 13, 'metrics': {'loss': 0.007629811674596297, 'accuracy': 0.9977314814814815, 'training_time': 3.620980978012085, 'effective_batch_size': 9, 'epochs_completed': 4, 'total_examples': 21600, 'final_memory_mb': 6310.921875, 'final_cpu_percent': 0.0, 'resource_constrained': True}}
2025-06-30 17:31:11,842 - experiment_mnist_baseline - INFO - Training event [client_training_completed]: {'client_id': 'client_2', 'round': 13, 'metrics': {'loss': 0.010879580723640182, 'accuracy': 0.9971296296296296, 'training_time': 3.511103868484497, 'effective_batch_size': 9, 'epochs_completed': 4, 'total_examples': 21600, 'final_memory_mb': 6314.6875, 'final_cpu_percent': 0.0, 'resource_constrained': True}}
2025-06-30 17:31:15,478 - experiment_mnist_baseline - INFO - Training event [client_training_completed]: {'client_id': 'client_3', 'round': 13, 'metrics': {'loss': 0.010957711131801613, 'accuracy': 0.9973148148148148, 'training_time': 3.635390043258667, 'effective_batch_size': 9, 'epochs_completed': 4, 'total_examples': 21600, 'final_memory_mb': 6307.015625, 'final_cpu_percent': 0.0, 'resource_constrained': True}}
2025-06-30 17:31:19,058 - experiment_mnist_baseline - INFO - Training event [client_training_completed]: {'client_id': 'client_4', 'round': 13, 'metrics': {'loss': 0.019269340150571638, 'accuracy': 0.9946296296296296, 'training_time': 3.5784130096435547, 'effective_batch_size': 9, 'epochs_completed': 4, 'total_examples': 21600, 'final_memory_mb': 6271.359375, 'final_cpu_percent': 0.0, 'resource_constrained': True}}
2025-06-30 17:31:22,833 - experiment_mnist_baseline - INFO - Training event [client_training_completed]: {'client_id': 'client_5', 'round': 13, 'metrics': {'loss': 0.014213086198526887, 'accuracy': 0.9961111111111111, 'training_time': 3.7745909690856934, 'effective_batch_size': 9, 'epochs_completed': 4, 'total_examples': 21600, 'final_memory_mb': 6312.515625, 'final_cpu_percent': 0.0, 'resource_constrained': True}}
2025-06-30 17:31:26,475 - experiment_mnist_baseline - INFO - Training event [client_training_completed]: {'client_id': 'client_6', 'round': 13, 'metrics': {'loss': 0.014916599712179715, 'accuracy': 0.9958796296296296, 'training_time': 3.6411290168762207, 'effective_batch_size': 9, 'epochs_completed': 4, 'total_examples': 21600, 'final_memory_mb': 6322.671875, 'final_cpu_percent': 0.0, 'resource_constrained': True}}
2025-06-30 17:31:30,206 - experiment_mnist_baseline - INFO - Training event [client_training_completed]: {'client_id': 'client_7', 'round': 13, 'metrics': {'loss': 0.005522188616113301, 'accuracy': 0.9982407407407408, 'training_time': 3.7313997745513916, 'effective_batch_size': 9, 'epochs_completed': 4, 'total_examples': 21600, 'final_memory_mb': 6368.828125, 'final_cpu_percent': 0.0, 'resource_constrained': True}}
2025-06-30 17:31:34,430 - experiment_mnist_baseline - INFO - Training event [client_training_completed]: {'client_id': 'client_8', 'round': 13, 'metrics': {'loss': 0.011787915369239909, 'accuracy': 0.9963425925925926, 'training_time': 4.223628044128418, 'effective_batch_size': 9, 'epochs_completed': 4, 'total_examples': 21600, 'final_memory_mb': 6480.328125, 'final_cpu_percent': 0.0, 'resource_constrained': True}}
2025-06-30 17:31:38,729 - experiment_mnist_baseline - INFO - Training event [client_training_completed]: {'client_id': 'client_9', 'round': 13, 'metrics': {'loss': 0.010712815818394542, 'accuracy': 0.99625, 'training_time': 4.298548936843872, 'effective_batch_size': 9, 'epochs_completed': 4, 'total_examples': 21600, 'final_memory_mb': 6413.9375, 'final_cpu_percent': 0.0, 'resource_constrained': True}}
2025-06-30 17:31:38,733 - experiment_mnist_baseline - INFO - Training event [aggregation_completed]: {'round': 13, 'num_clients_aggregated': 10}
2025-06-30 17:31:39,516 - experiment_mnist_baseline - INFO - Round 13 metrics: {
  "round": 13,
  "num_participating_clients": 10,
  "num_successful_clients": 10,
  "train_accuracy": 0.9966018518518519,
  "train_loss": 0.01217853901189198,
  "test_accuracy": 0.9927,
  "test_loss": 0.022420081160241728,
  "test_f1_score": 0.9831135785334258,
  "test_precision": 0.9837962962962963,
  "test_recall": 0.9824318076745261,
  "detection_rate": 0.9824318076745261,
  "timestamp": "2025-06-30T17:31:39.516696"
}
2025-06-30 17:31:39,517 - experiment_mnist_baseline - INFO - Round 14 client weights: {'client_0': 0.0765482083721454, 'client_1': 0.2644792019259717, 'client_2': 0.09195467304103024, 'client_3': 0.022293183549967087, 'client_4': 0.12076617908234213, 'client_5': 0.015523472420476647, 'client_6': 0.06972563177912088, 'client_7': 0.1597621412033704, 'client_8': 0.12882731272610826, 'client_9': 0.05011999589946722}
2025-06-30 17:31:43,671 - experiment_mnist_baseline - INFO - Training event [client_training_completed]: {'client_id': 'client_0', 'round': 14, 'metrics': {'loss': 0.012299702161566716, 'accuracy': 0.9959259259259259, 'training_time': 4.151789903640747, 'effective_batch_size': 9, 'epochs_completed': 4, 'total_examples': 21600, 'final_memory_mb': 6468.984375, 'final_cpu_percent': 0.0, 'resource_constrained': True}}
2025-06-30 17:31:49,088 - experiment_mnist_baseline - INFO - Training event [client_training_completed]: {'client_id': 'client_1', 'round': 14, 'metrics': {'loss': 0.008970826132279472, 'accuracy': 0.997175925925926, 'training_time': 5.416624069213867, 'effective_batch_size': 9, 'epochs_completed': 4, 'total_examples': 21600, 'final_memory_mb': 6422.71875, 'final_cpu_percent': 0.0, 'resource_constrained': True}}
2025-06-30 17:31:55,152 - experiment_mnist_baseline - INFO - Training event [client_training_completed]: {'client_id': 'client_2', 'round': 14, 'metrics': {'loss': 0.00617945133674819, 'accuracy': 0.9976851851851852, 'training_time': 6.062748908996582, 'effective_batch_size': 9, 'epochs_completed': 4, 'total_examples': 21600, 'final_memory_mb': 6585.875, 'final_cpu_percent': 0.0, 'resource_constrained': True}}
2025-06-30 17:31:59,874 - experiment_mnist_baseline - INFO - Training event [client_training_completed]: {'client_id': 'client_3', 'round': 14, 'metrics': {'loss': 0.009738603638933334, 'accuracy': 0.9968981481481481, 'training_time': 4.721151113510132, 'effective_batch_size': 9, 'epochs_completed': 4, 'total_examples': 21600, 'final_memory_mb': 6585.09375, 'final_cpu_percent': 0.0, 'resource_constrained': True}}
2025-06-30 17:32:05,601 - experiment_mnist_baseline - INFO - Training event [client_training_completed]: {'client_id': 'client_4', 'round': 14, 'metrics': {'loss': 0.010656361848860202, 'accuracy': 0.9965277777777778, 'training_time': 5.72661018371582, 'effective_batch_size': 9, 'epochs_completed': 4, 'total_examples': 21600, 'final_memory_mb': 6568.75, 'final_cpu_percent': 0.0, 'resource_constrained': True}}
