2025-07-04 23:12:58,934 - __main__ - INFO - Starting TRUST-MCNet Refactored Architecture Demonstration
2025-07-04 23:12:58,934 - __main__ - INFO - ============================================================
2025-07-04 23:12:58,936 - __main__ - INFO - Loaded configuration from config/config.yaml
2025-07-04 23:12:58,936 - __main__ - INFO - Configuration: {'defaults': [{'dataset': 'mnist'}, {'env': 'local'}, {'strategy': 'fedavg'}, {'trust': 'hybrid'}, {'model': 'mlp'}, {'training': 'default'}, {'ray': 'local'}, '_self_'], 'hydra': {'run': {'dir': 'outputs/${now:%Y-%m-%d}/${now:%H-%M-%S}'}, 'sweep': {'dir': 'multirun/${now:%Y-%m-%d}/${now:%H-%M-%S}', 'subdir': '${hydra:job.num}'}, 'job': {'chdir': False}}, 'federated': {'num_rounds': 3, 'fraction_fit': 0.8, 'fraction_evaluate': 0.2, 'min_fit_clients': 2, 'min_evaluate_clients': 2, 'min_available_clients': 2}, 'simulation': {'use_legacy': False, 'use_enhanced_client': True, 'enable_trust_evaluation': True, 'trust_threshold': 0.5, 'enable_metrics_aggregation': True}, 'logging': {'level': 'INFO', 'format': '%(asctime)s - %(name)s - %(levelname)s - %(message)s', 'log_to_file': False, 'log_file': None, 'metrics': {'enable_tensorboard': False, 'tensorboard_dir': 'logs/tensorboard', 'log_frequency': 1}}}
2025-07-04 23:12:58,936 - __main__ - INFO - Initializing MockExperimentManager
2025-07-04 23:12:58,936 - __main__ - INFO - Created MockDataLoader with config: {}
2025-07-04 23:12:58,936 - __main__ - INFO - Created MockModel with config: {}
2025-07-04 23:12:58,936 - __main__ - INFO - Created MockTrustEvaluator with config: {}
2025-07-04 23:12:58,936 - __main__ - INFO - Created MockFederatedStrategy with config: {}
2025-07-04 23:12:58,936 - __main__ - INFO - Created MockModel with config: {}
2025-07-04 23:12:58,936 - __main__ - INFO - Created MockClient 0
2025-07-04 23:12:58,936 - __main__ - INFO - Created MockModel with config: {}
2025-07-04 23:12:58,936 - __main__ - INFO - Created MockClient 1
2025-07-04 23:12:58,936 - __main__ - INFO - Created MockModel with config: {}
2025-07-04 23:12:58,936 - __main__ - INFO - Created MockClient 2
2025-07-04 23:12:58,936 - __main__ - INFO - Created MockModel with config: {}
2025-07-04 23:12:58,936 - __main__ - INFO - Created MockClient 3
2025-07-04 23:12:58,936 - __main__ - INFO - Created MockModel with config: {}
2025-07-04 23:12:58,936 - __main__ - INFO - Created MockClient 4
2025-07-04 23:12:58,936 - __main__ - INFO - Created 5 clients
2025-07-04 23:12:58,936 - __main__ - INFO - Starting federated learning experiment
2025-07-04 23:12:58,937 - __main__ - INFO - Loading mock training data...
2025-07-04 23:12:58,937 - __main__ - INFO - Getting model parameters
2025-07-04 23:12:58,937 - __main__ - INFO - 
=== Round 1/3 ===
2025-07-04 23:12:58,937 - __main__ - INFO - Round 0: Selected clients [0, 1, 2]
2025-07-04 23:12:58,937 - __main__ - INFO - Client 0: Starting local training
2025-07-04 23:12:58,937 - __main__ - INFO - Setting model parameters
2025-07-04 23:12:58,937 - __main__ - INFO - Getting data for client 0
2025-07-04 23:12:58,937 - __main__ - INFO - Training model on data
2025-07-04 23:12:58,937 - __main__ - INFO - Getting model parameters
2025-07-04 23:12:58,937 - __main__ - INFO - Client 0: Local training complete
2025-07-04 23:12:58,937 - __main__ - INFO - Client 1: Starting local training
2025-07-04 23:12:58,937 - __main__ - INFO - Setting model parameters
2025-07-04 23:12:58,937 - __main__ - INFO - Getting data for client 1
2025-07-04 23:12:58,937 - __main__ - INFO - Training model on data
2025-07-04 23:12:58,937 - __main__ - INFO - Getting model parameters
2025-07-04 23:12:58,937 - __main__ - INFO - Client 1: Local training complete
2025-07-04 23:12:58,937 - __main__ - INFO - Client 2: Starting local training
2025-07-04 23:12:58,937 - __main__ - INFO - Setting model parameters
2025-07-04 23:12:58,937 - __main__ - INFO - Getting data for client 2
2025-07-04 23:12:58,937 - __main__ - INFO - Training model on data
2025-07-04 23:12:58,937 - __main__ - INFO - Getting model parameters
2025-07-04 23:12:58,937 - __main__ - INFO - Client 2: Local training complete
2025-07-04 23:12:58,937 - __main__ - INFO - Client 0 trust score: 1.000
2025-07-04 23:12:58,937 - __main__ - INFO - Client 0 passed trust filter
2025-07-04 23:12:58,937 - __main__ - INFO - Client 1 trust score: 0.900
2025-07-04 23:12:58,937 - __main__ - INFO - Client 1 passed trust filter
2025-07-04 23:12:58,937 - __main__ - INFO - Client 2 trust score: 0.800
2025-07-04 23:12:58,937 - __main__ - INFO - Client 2 passed trust filter
2025-07-04 23:12:58,937 - __main__ - INFO - Trust filter: 3/3 clients passed
2025-07-04 23:12:58,937 - __main__ - INFO - Aggregating updates from 3 clients
2025-07-04 23:12:58,937 - __main__ - INFO - Global model updated with aggregated parameters
2025-07-04 23:12:58,937 - __main__ - INFO - Evaluating model on data
2025-07-04 23:12:58,937 - __main__ - INFO - Round 1 Global Model Performance: {'test_loss': 0.05, 'test_accuracy': 0.98}
2025-07-04 23:12:58,937 - __main__ - INFO - 
=== Round 2/3 ===
2025-07-04 23:12:58,937 - __main__ - INFO - Round 1: Selected clients [0, 1, 2]
2025-07-04 23:12:58,937 - __main__ - INFO - Client 0: Starting local training
2025-07-04 23:12:58,937 - __main__ - INFO - Setting model parameters
2025-07-04 23:12:58,937 - __main__ - INFO - Getting data for client 0
2025-07-04 23:12:58,937 - __main__ - INFO - Training model on data
2025-07-04 23:12:58,937 - __main__ - INFO - Getting model parameters
2025-07-04 23:12:58,937 - __main__ - INFO - Client 0: Local training complete
2025-07-04 23:12:58,937 - __main__ - INFO - Client 1: Starting local training
2025-07-04 23:12:58,937 - __main__ - INFO - Setting model parameters
2025-07-04 23:12:58,937 - __main__ - INFO - Getting data for client 1
2025-07-04 23:12:58,937 - __main__ - INFO - Training model on data
2025-07-04 23:12:58,937 - __main__ - INFO - Getting model parameters
2025-07-04 23:12:58,937 - __main__ - INFO - Client 1: Local training complete
2025-07-04 23:12:58,937 - __main__ - INFO - Client 2: Starting local training
2025-07-04 23:12:58,937 - __main__ - INFO - Setting model parameters
2025-07-04 23:12:58,937 - __main__ - INFO - Getting data for client 2
2025-07-04 23:12:58,937 - __main__ - INFO - Training model on data
2025-07-04 23:12:58,937 - __main__ - INFO - Getting model parameters
2025-07-04 23:12:58,937 - __main__ - INFO - Client 2: Local training complete
2025-07-04 23:12:58,937 - __main__ - INFO - Client 0 trust score: 1.000
2025-07-04 23:12:58,937 - __main__ - INFO - Client 0 passed trust filter
2025-07-04 23:12:58,937 - __main__ - INFO - Client 1 trust score: 0.900
2025-07-04 23:12:58,937 - __main__ - INFO - Client 1 passed trust filter
2025-07-04 23:12:58,937 - __main__ - INFO - Client 2 trust score: 0.800
2025-07-04 23:12:58,937 - __main__ - INFO - Client 2 passed trust filter
2025-07-04 23:12:58,937 - __main__ - INFO - Trust filter: 3/3 clients passed
2025-07-04 23:12:58,937 - __main__ - INFO - Aggregating updates from 3 clients
2025-07-04 23:12:58,937 - __main__ - INFO - Global model updated with aggregated parameters
2025-07-04 23:12:58,937 - __main__ - INFO - Evaluating model on data
2025-07-04 23:12:58,938 - __main__ - INFO - Round 2 Global Model Performance: {'test_loss': 0.05, 'test_accuracy': 0.98}
2025-07-04 23:12:58,938 - __main__ - INFO - 
=== Round 3/3 ===
2025-07-04 23:12:58,938 - __main__ - INFO - Round 2: Selected clients [0, 1, 2]
2025-07-04 23:12:58,938 - __main__ - INFO - Client 0: Starting local training
2025-07-04 23:12:58,938 - __main__ - INFO - Setting model parameters
2025-07-04 23:12:58,938 - __main__ - INFO - Getting data for client 0
2025-07-04 23:12:58,938 - __main__ - INFO - Training model on data
2025-07-04 23:12:58,938 - __main__ - INFO - Getting model parameters
2025-07-04 23:12:58,938 - __main__ - INFO - Client 0: Local training complete
2025-07-04 23:12:58,938 - __main__ - INFO - Client 1: Starting local training
2025-07-04 23:12:58,938 - __main__ - INFO - Setting model parameters
2025-07-04 23:12:58,938 - __main__ - INFO - Getting data for client 1
2025-07-04 23:12:58,938 - __main__ - INFO - Training model on data
2025-07-04 23:12:58,938 - __main__ - INFO - Getting model parameters
2025-07-04 23:12:58,938 - __main__ - INFO - Client 1: Local training complete
2025-07-04 23:12:58,938 - __main__ - INFO - Client 2: Starting local training
2025-07-04 23:12:58,938 - __main__ - INFO - Setting model parameters
2025-07-04 23:12:58,938 - __main__ - INFO - Getting data for client 2
2025-07-04 23:12:58,938 - __main__ - INFO - Training model on data
2025-07-04 23:12:58,938 - __main__ - INFO - Getting model parameters
2025-07-04 23:12:58,938 - __main__ - INFO - Client 2: Local training complete
2025-07-04 23:12:58,938 - __main__ - INFO - Client 0 trust score: 1.000
2025-07-04 23:12:58,938 - __main__ - INFO - Client 0 passed trust filter
2025-07-04 23:12:58,938 - __main__ - INFO - Client 1 trust score: 0.900
2025-07-04 23:12:58,938 - __main__ - INFO - Client 1 passed trust filter
2025-07-04 23:12:58,938 - __main__ - INFO - Client 2 trust score: 0.800
2025-07-04 23:12:58,938 - __main__ - INFO - Client 2 passed trust filter
2025-07-04 23:12:58,938 - __main__ - INFO - Trust filter: 3/3 clients passed
2025-07-04 23:12:58,938 - __main__ - INFO - Aggregating updates from 3 clients
2025-07-04 23:12:58,938 - __main__ - INFO - Global model updated with aggregated parameters
2025-07-04 23:12:58,938 - __main__ - INFO - Evaluating model on data
2025-07-04 23:12:58,938 - __main__ - INFO - Round 3 Global Model Performance: {'test_loss': 0.05, 'test_accuracy': 0.98}
2025-07-04 23:12:58,938 - __main__ - INFO - Federated learning experiment completed successfully!
2025-07-04 23:12:58,938 - __main__ - INFO - ============================================================
2025-07-04 23:12:58,938 - __main__ - INFO - Demonstration completed successfully!
2025-07-04 23:12:58,938 - __main__ - INFO - Results: {'status': 'success', 'final_metrics': {'test_loss': 0.05, 'test_accuracy': 0.98}}
2025-07-04 23:30:29,159 - __main__ - INFO - Starting TRUST-MCNet Refactored Architecture Demonstration
2025-07-04 23:30:29,159 - __main__ - INFO - ============================================================
2025-07-04 23:30:29,161 - __main__ - INFO - Loaded configuration from config/config.yaml
2025-07-04 23:30:29,161 - __main__ - INFO - Configuration: {'defaults': [{'dataset': 'mnist'}, {'env': 'local'}, {'strategy': 'fedavg'}, {'trust': 'hybrid'}, {'model': 'mlp'}, {'training': 'default'}, {'ray': 'local'}, '_self_'], 'hydra': {'run': {'dir': 'outputs/${now:%Y-%m-%d}/${now:%H-%M-%S}'}, 'sweep': {'dir': 'multirun/${now:%Y-%m-%d}/${now:%H-%M-%S}', 'subdir': '${hydra:job.num}'}, 'job': {'chdir': False}}, 'federated': {'num_rounds': 3, 'fraction_fit': 0.8, 'fraction_evaluate': 0.2, 'min_fit_clients': 2, 'min_evaluate_clients': 2, 'min_available_clients': 2}, 'simulation': {'use_legacy': False, 'use_enhanced_client': True, 'enable_trust_evaluation': True, 'trust_threshold': 0.5, 'enable_metrics_aggregation': True}, 'logging': {'level': 'INFO', 'format': '%(asctime)s - %(name)s - %(levelname)s - %(message)s', 'log_to_file': False, 'log_file': None, 'metrics': {'enable_tensorboard': False, 'tensorboard_dir': 'logs/tensorboard', 'log_frequency': 1}}}
2025-07-04 23:30:29,161 - __main__ - INFO - Initializing MockExperimentManager
2025-07-04 23:30:29,161 - __main__ - INFO - Created MockDataLoader with config: {}
2025-07-04 23:30:29,161 - __main__ - INFO - Created MockModel with config: {}
2025-07-04 23:30:29,161 - __main__ - INFO - Created MockTrustEvaluator with config: {}
2025-07-04 23:30:29,161 - __main__ - INFO - Created MockFederatedStrategy with config: {}
2025-07-04 23:30:29,161 - __main__ - INFO - Created MockModel with config: {}
2025-07-04 23:30:29,161 - __main__ - INFO - Created MockClient 0
2025-07-04 23:30:29,161 - __main__ - INFO - Created MockModel with config: {}
2025-07-04 23:30:29,161 - __main__ - INFO - Created MockClient 1
2025-07-04 23:30:29,161 - __main__ - INFO - Created MockModel with config: {}
2025-07-04 23:30:29,161 - __main__ - INFO - Created MockClient 2
2025-07-04 23:30:29,161 - __main__ - INFO - Created MockModel with config: {}
2025-07-04 23:30:29,161 - __main__ - INFO - Created MockClient 3
2025-07-04 23:30:29,161 - __main__ - INFO - Created MockModel with config: {}
2025-07-04 23:30:29,161 - __main__ - INFO - Created MockClient 4
2025-07-04 23:30:29,161 - __main__ - INFO - Created 5 clients
2025-07-04 23:30:29,161 - __main__ - INFO - Starting federated learning experiment
2025-07-04 23:30:29,161 - __main__ - INFO - Loading mock training data...
2025-07-04 23:30:29,161 - __main__ - INFO - Getting model parameters
2025-07-04 23:30:29,161 - __main__ - INFO - 
=== Round 1/3 ===
2025-07-04 23:30:29,161 - __main__ - INFO - Round 0: Selected clients [0, 1, 2]
2025-07-04 23:30:29,161 - __main__ - INFO - Client 0: Starting local training
2025-07-04 23:30:29,161 - __main__ - INFO - Setting model parameters
2025-07-04 23:30:29,161 - __main__ - INFO - Getting data for client 0
2025-07-04 23:30:29,161 - __main__ - INFO - Training model on data
2025-07-04 23:30:29,161 - __main__ - INFO - Getting model parameters
2025-07-04 23:30:29,162 - __main__ - INFO - Client 0: Local training complete
2025-07-04 23:30:29,162 - __main__ - INFO - Client 1: Starting local training
2025-07-04 23:30:29,162 - __main__ - INFO - Setting model parameters
2025-07-04 23:30:29,162 - __main__ - INFO - Getting data for client 1
2025-07-04 23:30:29,162 - __main__ - INFO - Training model on data
2025-07-04 23:30:29,162 - __main__ - INFO - Getting model parameters
2025-07-04 23:30:29,162 - __main__ - INFO - Client 1: Local training complete
2025-07-04 23:30:29,162 - __main__ - INFO - Client 2: Starting local training
2025-07-04 23:30:29,162 - __main__ - INFO - Setting model parameters
2025-07-04 23:30:29,162 - __main__ - INFO - Getting data for client 2
2025-07-04 23:30:29,162 - __main__ - INFO - Training model on data
2025-07-04 23:30:29,162 - __main__ - INFO - Getting model parameters
2025-07-04 23:30:29,162 - __main__ - INFO - Client 2: Local training complete
2025-07-04 23:30:29,162 - __main__ - INFO - Client 0 trust score: 1.000
2025-07-04 23:30:29,162 - __main__ - INFO - Client 0 passed trust filter
2025-07-04 23:30:29,162 - __main__ - INFO - Client 1 trust score: 0.900
2025-07-04 23:30:29,162 - __main__ - INFO - Client 1 passed trust filter
2025-07-04 23:30:29,162 - __main__ - INFO - Client 2 trust score: 0.800
2025-07-04 23:30:29,162 - __main__ - INFO - Client 2 passed trust filter
2025-07-04 23:30:29,162 - __main__ - INFO - Trust filter: 3/3 clients passed
2025-07-04 23:30:29,162 - __main__ - INFO - Aggregating updates from 3 clients
2025-07-04 23:30:29,162 - __main__ - INFO - Global model updated with aggregated parameters
2025-07-04 23:30:29,162 - __main__ - INFO - Evaluating model on data
2025-07-04 23:30:29,162 - __main__ - INFO - Round 1 Global Model Performance: {'test_loss': 0.05, 'test_accuracy': 0.98}
2025-07-04 23:30:29,162 - __main__ - INFO - 
=== Round 2/3 ===
2025-07-04 23:30:29,162 - __main__ - INFO - Round 1: Selected clients [0, 1, 2]
2025-07-04 23:30:29,162 - __main__ - INFO - Client 0: Starting local training
2025-07-04 23:30:29,162 - __main__ - INFO - Setting model parameters
2025-07-04 23:30:29,162 - __main__ - INFO - Getting data for client 0
2025-07-04 23:30:29,162 - __main__ - INFO - Training model on data
2025-07-04 23:30:29,162 - __main__ - INFO - Getting model parameters
2025-07-04 23:30:29,162 - __main__ - INFO - Client 0: Local training complete
2025-07-04 23:30:29,162 - __main__ - INFO - Client 1: Starting local training
2025-07-04 23:30:29,162 - __main__ - INFO - Setting model parameters
2025-07-04 23:30:29,162 - __main__ - INFO - Getting data for client 1
2025-07-04 23:30:29,162 - __main__ - INFO - Training model on data
2025-07-04 23:30:29,162 - __main__ - INFO - Getting model parameters
2025-07-04 23:30:29,162 - __main__ - INFO - Client 1: Local training complete
2025-07-04 23:30:29,162 - __main__ - INFO - Client 2: Starting local training
2025-07-04 23:30:29,162 - __main__ - INFO - Setting model parameters
2025-07-04 23:30:29,162 - __main__ - INFO - Getting data for client 2
2025-07-04 23:30:29,162 - __main__ - INFO - Training model on data
2025-07-04 23:30:29,162 - __main__ - INFO - Getting model parameters
2025-07-04 23:30:29,162 - __main__ - INFO - Client 2: Local training complete
2025-07-04 23:30:29,162 - __main__ - INFO - Client 0 trust score: 1.000
2025-07-04 23:30:29,162 - __main__ - INFO - Client 0 passed trust filter
2025-07-04 23:30:29,162 - __main__ - INFO - Client 1 trust score: 0.900
2025-07-04 23:30:29,162 - __main__ - INFO - Client 1 passed trust filter
2025-07-04 23:30:29,162 - __main__ - INFO - Client 2 trust score: 0.800
2025-07-04 23:30:29,162 - __main__ - INFO - Client 2 passed trust filter
2025-07-04 23:30:29,162 - __main__ - INFO - Trust filter: 3/3 clients passed
2025-07-04 23:30:29,162 - __main__ - INFO - Aggregating updates from 3 clients
2025-07-04 23:30:29,162 - __main__ - INFO - Global model updated with aggregated parameters
2025-07-04 23:30:29,162 - __main__ - INFO - Evaluating model on data
2025-07-04 23:30:29,162 - __main__ - INFO - Round 2 Global Model Performance: {'test_loss': 0.05, 'test_accuracy': 0.98}
2025-07-04 23:30:29,162 - __main__ - INFO - 
=== Round 3/3 ===
2025-07-04 23:30:29,162 - __main__ - INFO - Round 2: Selected clients [0, 1, 2]
2025-07-04 23:30:29,162 - __main__ - INFO - Client 0: Starting local training
2025-07-04 23:30:29,163 - __main__ - INFO - Setting model parameters
2025-07-04 23:30:29,163 - __main__ - INFO - Getting data for client 0
2025-07-04 23:30:29,163 - __main__ - INFO - Training model on data
2025-07-04 23:30:29,163 - __main__ - INFO - Getting model parameters
2025-07-04 23:30:29,163 - __main__ - INFO - Client 0: Local training complete
2025-07-04 23:30:29,163 - __main__ - INFO - Client 1: Starting local training
2025-07-04 23:30:29,163 - __main__ - INFO - Setting model parameters
2025-07-04 23:30:29,163 - __main__ - INFO - Getting data for client 1
2025-07-04 23:30:29,163 - __main__ - INFO - Training model on data
2025-07-04 23:30:29,163 - __main__ - INFO - Getting model parameters
2025-07-04 23:30:29,163 - __main__ - INFO - Client 1: Local training complete
2025-07-04 23:30:29,163 - __main__ - INFO - Client 2: Starting local training
2025-07-04 23:30:29,163 - __main__ - INFO - Setting model parameters
2025-07-04 23:30:29,163 - __main__ - INFO - Getting data for client 2
2025-07-04 23:30:29,163 - __main__ - INFO - Training model on data
2025-07-04 23:30:29,163 - __main__ - INFO - Getting model parameters
2025-07-04 23:30:29,163 - __main__ - INFO - Client 2: Local training complete
2025-07-04 23:30:29,163 - __main__ - INFO - Client 0 trust score: 1.000
2025-07-04 23:30:29,163 - __main__ - INFO - Client 0 passed trust filter
2025-07-04 23:30:29,163 - __main__ - INFO - Client 1 trust score: 0.900
2025-07-04 23:30:29,163 - __main__ - INFO - Client 1 passed trust filter
2025-07-04 23:30:29,163 - __main__ - INFO - Client 2 trust score: 0.800
2025-07-04 23:30:29,163 - __main__ - INFO - Client 2 passed trust filter
2025-07-04 23:30:29,163 - __main__ - INFO - Trust filter: 3/3 clients passed
2025-07-04 23:30:29,163 - __main__ - INFO - Aggregating updates from 3 clients
2025-07-04 23:30:29,163 - __main__ - INFO - Global model updated with aggregated parameters
2025-07-04 23:30:29,163 - __main__ - INFO - Evaluating model on data
2025-07-04 23:30:29,163 - __main__ - INFO - Round 3 Global Model Performance: {'test_loss': 0.05, 'test_accuracy': 0.98}
2025-07-04 23:30:29,163 - __main__ - INFO - Federated learning experiment completed successfully!
2025-07-04 23:30:29,163 - __main__ - INFO - ============================================================
2025-07-04 23:30:29,163 - __main__ - INFO - Demonstration completed successfully!
2025-07-04 23:30:29,163 - __main__ - INFO - Results: {'status': 'success', 'final_metrics': {'test_loss': 0.05, 'test_accuracy': 0.98}}
2025-07-04 23:30:29,207 - __main__ - INFO - Starting TRUST-MCNet Refactored Architecture Demonstration
2025-07-04 23:30:29,207 - __main__ - INFO - ============================================================
2025-07-04 23:30:29,209 - __main__ - INFO - Loaded configuration from config/config.yaml
2025-07-04 23:30:29,209 - __main__ - INFO - Configuration: {'defaults': [{'dataset': 'mnist'}, {'env': 'local'}, {'strategy': 'fedavg'}, {'trust': 'hybrid'}, {'model': 'mlp'}, {'training': 'default'}, {'ray': 'local'}, '_self_'], 'hydra': {'run': {'dir': 'outputs/${now:%Y-%m-%d}/${now:%H-%M-%S}'}, 'sweep': {'dir': 'multirun/${now:%Y-%m-%d}/${now:%H-%M-%S}', 'subdir': '${hydra:job.num}'}, 'job': {'chdir': False}}, 'federated': {'num_rounds': 3, 'fraction_fit': 0.8, 'fraction_evaluate': 0.2, 'min_fit_clients': 2, 'min_evaluate_clients': 2, 'min_available_clients': 2}, 'simulation': {'use_legacy': False, 'use_enhanced_client': True, 'enable_trust_evaluation': True, 'trust_threshold': 0.5, 'enable_metrics_aggregation': True}, 'logging': {'level': 'INFO', 'format': '%(asctime)s - %(name)s - %(levelname)s - %(message)s', 'log_to_file': False, 'log_file': None, 'metrics': {'enable_tensorboard': False, 'tensorboard_dir': 'logs/tensorboard', 'log_frequency': 1}}}
2025-07-04 23:30:29,209 - __main__ - INFO - Initializing MockExperimentManager
2025-07-04 23:30:29,209 - __main__ - INFO - Created MockDataLoader with config: {}
2025-07-04 23:30:29,209 - __main__ - INFO - Created MockModel with config: {}
2025-07-04 23:30:29,209 - __main__ - INFO - Created MockTrustEvaluator with config: {}
2025-07-04 23:30:29,209 - __main__ - INFO - Created MockFederatedStrategy with config: {}
2025-07-04 23:30:29,209 - __main__ - INFO - Created MockModel with config: {}
2025-07-04 23:30:29,209 - __main__ - INFO - Created MockClient 0
2025-07-04 23:30:29,209 - __main__ - INFO - Created MockModel with config: {}
2025-07-04 23:30:29,209 - __main__ - INFO - Created MockClient 1
2025-07-04 23:30:29,209 - __main__ - INFO - Created MockModel with config: {}
2025-07-04 23:30:29,209 - __main__ - INFO - Created MockClient 2
2025-07-04 23:30:29,209 - __main__ - INFO - Created MockModel with config: {}
2025-07-04 23:30:29,209 - __main__ - INFO - Created MockClient 3
2025-07-04 23:30:29,209 - __main__ - INFO - Created MockModel with config: {}
2025-07-04 23:30:29,209 - __main__ - INFO - Created MockClient 4
2025-07-04 23:30:29,209 - __main__ - INFO - Created 5 clients
2025-07-04 23:30:29,209 - __main__ - INFO - Starting federated learning experiment
2025-07-04 23:30:29,209 - __main__ - INFO - Loading mock training data...
2025-07-04 23:30:29,209 - __main__ - INFO - Getting model parameters
2025-07-04 23:30:29,209 - __main__ - INFO - 
=== Round 1/3 ===
2025-07-04 23:30:29,209 - __main__ - INFO - Round 0: Selected clients [0, 1, 2]
2025-07-04 23:30:29,209 - __main__ - INFO - Client 0: Starting local training
2025-07-04 23:30:29,209 - __main__ - INFO - Setting model parameters
2025-07-04 23:30:29,209 - __main__ - INFO - Getting data for client 0
2025-07-04 23:30:29,209 - __main__ - INFO - Training model on data
2025-07-04 23:30:29,209 - __main__ - INFO - Getting model parameters
2025-07-04 23:30:29,209 - __main__ - INFO - Client 0: Local training complete
2025-07-04 23:30:29,209 - __main__ - INFO - Client 1: Starting local training
2025-07-04 23:30:29,209 - __main__ - INFO - Setting model parameters
2025-07-04 23:30:29,209 - __main__ - INFO - Getting data for client 1
2025-07-04 23:30:29,209 - __main__ - INFO - Training model on data
2025-07-04 23:30:29,209 - __main__ - INFO - Getting model parameters
2025-07-04 23:30:29,209 - __main__ - INFO - Client 1: Local training complete
2025-07-04 23:30:29,209 - __main__ - INFO - Client 2: Starting local training
2025-07-04 23:30:29,209 - __main__ - INFO - Setting model parameters
2025-07-04 23:30:29,209 - __main__ - INFO - Getting data for client 2
2025-07-04 23:30:29,209 - __main__ - INFO - Training model on data
2025-07-04 23:30:29,209 - __main__ - INFO - Getting model parameters
2025-07-04 23:30:29,209 - __main__ - INFO - Client 2: Local training complete
2025-07-04 23:30:29,209 - __main__ - INFO - Client 0 trust score: 1.000
2025-07-04 23:30:29,209 - __main__ - INFO - Client 0 passed trust filter
2025-07-04 23:30:29,209 - __main__ - INFO - Client 1 trust score: 0.900
2025-07-04 23:30:29,210 - __main__ - INFO - Client 1 passed trust filter
2025-07-04 23:30:29,210 - __main__ - INFO - Client 2 trust score: 0.800
2025-07-04 23:30:29,210 - __main__ - INFO - Client 2 passed trust filter
2025-07-04 23:30:29,210 - __main__ - INFO - Trust filter: 3/3 clients passed
2025-07-04 23:30:29,210 - __main__ - INFO - Aggregating updates from 3 clients
2025-07-04 23:30:29,210 - __main__ - INFO - Global model updated with aggregated parameters
2025-07-04 23:30:29,210 - __main__ - INFO - Evaluating model on data
2025-07-04 23:30:29,210 - __main__ - INFO - Round 1 Global Model Performance: {'test_loss': 0.05, 'test_accuracy': 0.98}
2025-07-04 23:30:29,210 - __main__ - INFO - 
=== Round 2/3 ===
2025-07-04 23:30:29,210 - __main__ - INFO - Round 1: Selected clients [0, 1, 2]
2025-07-04 23:30:29,210 - __main__ - INFO - Client 0: Starting local training
2025-07-04 23:30:29,210 - __main__ - INFO - Setting model parameters
2025-07-04 23:30:29,210 - __main__ - INFO - Getting data for client 0
2025-07-04 23:30:29,210 - __main__ - INFO - Training model on data
2025-07-04 23:30:29,210 - __main__ - INFO - Getting model parameters
2025-07-04 23:30:29,210 - __main__ - INFO - Client 0: Local training complete
2025-07-04 23:30:29,210 - __main__ - INFO - Client 1: Starting local training
2025-07-04 23:30:29,210 - __main__ - INFO - Setting model parameters
2025-07-04 23:30:29,210 - __main__ - INFO - Getting data for client 1
2025-07-04 23:30:29,210 - __main__ - INFO - Training model on data
2025-07-04 23:30:29,210 - __main__ - INFO - Getting model parameters
2025-07-04 23:30:29,210 - __main__ - INFO - Client 1: Local training complete
2025-07-04 23:30:29,210 - __main__ - INFO - Client 2: Starting local training
2025-07-04 23:30:29,210 - __main__ - INFO - Setting model parameters
2025-07-04 23:30:29,210 - __main__ - INFO - Getting data for client 2
2025-07-04 23:30:29,210 - __main__ - INFO - Training model on data
2025-07-04 23:30:29,210 - __main__ - INFO - Getting model parameters
2025-07-04 23:30:29,210 - __main__ - INFO - Client 2: Local training complete
2025-07-04 23:30:29,210 - __main__ - INFO - Client 0 trust score: 1.000
2025-07-04 23:30:29,210 - __main__ - INFO - Client 0 passed trust filter
2025-07-04 23:30:29,210 - __main__ - INFO - Client 1 trust score: 0.900
2025-07-04 23:30:29,210 - __main__ - INFO - Client 1 passed trust filter
2025-07-04 23:30:29,210 - __main__ - INFO - Client 2 trust score: 0.800
2025-07-04 23:30:29,210 - __main__ - INFO - Client 2 passed trust filter
2025-07-04 23:30:29,210 - __main__ - INFO - Trust filter: 3/3 clients passed
2025-07-04 23:30:29,210 - __main__ - INFO - Aggregating updates from 3 clients
2025-07-04 23:30:29,210 - __main__ - INFO - Global model updated with aggregated parameters
2025-07-04 23:30:29,210 - __main__ - INFO - Evaluating model on data
2025-07-04 23:30:29,210 - __main__ - INFO - Round 2 Global Model Performance: {'test_loss': 0.05, 'test_accuracy': 0.98}
2025-07-04 23:30:29,210 - __main__ - INFO - 
=== Round 3/3 ===
2025-07-04 23:30:29,210 - __main__ - INFO - Round 2: Selected clients [0, 1, 2]
2025-07-04 23:30:29,210 - __main__ - INFO - Client 0: Starting local training
2025-07-04 23:30:29,210 - __main__ - INFO - Setting model parameters
2025-07-04 23:30:29,210 - __main__ - INFO - Getting data for client 0
2025-07-04 23:30:29,210 - __main__ - INFO - Training model on data
2025-07-04 23:30:29,210 - __main__ - INFO - Getting model parameters
2025-07-04 23:30:29,210 - __main__ - INFO - Client 0: Local training complete
2025-07-04 23:30:29,210 - __main__ - INFO - Client 1: Starting local training
2025-07-04 23:30:29,210 - __main__ - INFO - Setting model parameters
2025-07-04 23:30:29,210 - __main__ - INFO - Getting data for client 1
2025-07-04 23:30:29,210 - __main__ - INFO - Training model on data
2025-07-04 23:30:29,210 - __main__ - INFO - Getting model parameters
2025-07-04 23:30:29,210 - __main__ - INFO - Client 1: Local training complete
2025-07-04 23:30:29,210 - __main__ - INFO - Client 2: Starting local training
2025-07-04 23:30:29,210 - __main__ - INFO - Setting model parameters
2025-07-04 23:30:29,210 - __main__ - INFO - Getting data for client 2
2025-07-04 23:30:29,210 - __main__ - INFO - Training model on data
2025-07-04 23:30:29,210 - __main__ - INFO - Getting model parameters
2025-07-04 23:30:29,210 - __main__ - INFO - Client 2: Local training complete
2025-07-04 23:30:29,210 - __main__ - INFO - Client 0 trust score: 1.000
2025-07-04 23:30:29,210 - __main__ - INFO - Client 0 passed trust filter
2025-07-04 23:30:29,210 - __main__ - INFO - Client 1 trust score: 0.900
2025-07-04 23:30:29,210 - __main__ - INFO - Client 1 passed trust filter
2025-07-04 23:30:29,210 - __main__ - INFO - Client 2 trust score: 0.800
2025-07-04 23:30:29,210 - __main__ - INFO - Client 2 passed trust filter
2025-07-04 23:30:29,210 - __main__ - INFO - Trust filter: 3/3 clients passed
2025-07-04 23:30:29,210 - __main__ - INFO - Aggregating updates from 3 clients
2025-07-04 23:30:29,210 - __main__ - INFO - Global model updated with aggregated parameters
2025-07-04 23:30:29,210 - __main__ - INFO - Evaluating model on data
2025-07-04 23:30:29,210 - __main__ - INFO - Round 3 Global Model Performance: {'test_loss': 0.05, 'test_accuracy': 0.98}
2025-07-04 23:30:29,211 - __main__ - INFO - Federated learning experiment completed successfully!
2025-07-04 23:30:29,211 - __main__ - INFO - ============================================================
2025-07-04 23:30:29,211 - __main__ - INFO - Demonstration completed successfully!
2025-07-04 23:30:29,211 - __main__ - INFO - Results: {'status': 'success', 'final_metrics': {'test_loss': 0.05, 'test_accuracy': 0.98}}
2025-07-04 23:30:29,254 - __main__ - INFO - Starting TRUST-MCNet Refactored Architecture Demonstration
2025-07-04 23:30:29,254 - __main__ - INFO - ============================================================
2025-07-04 23:30:29,255 - __main__ - INFO - Loaded configuration from config/config.yaml
2025-07-04 23:30:29,255 - __main__ - INFO - Configuration: {'defaults': [{'dataset': 'mnist'}, {'env': 'local'}, {'strategy': 'fedavg'}, {'trust': 'hybrid'}, {'model': 'mlp'}, {'training': 'default'}, {'ray': 'local'}, '_self_'], 'hydra': {'run': {'dir': 'outputs/${now:%Y-%m-%d}/${now:%H-%M-%S}'}, 'sweep': {'dir': 'multirun/${now:%Y-%m-%d}/${now:%H-%M-%S}', 'subdir': '${hydra:job.num}'}, 'job': {'chdir': False}}, 'federated': {'num_rounds': 3, 'fraction_fit': 0.8, 'fraction_evaluate': 0.2, 'min_fit_clients': 2, 'min_evaluate_clients': 2, 'min_available_clients': 2}, 'simulation': {'use_legacy': False, 'use_enhanced_client': True, 'enable_trust_evaluation': True, 'trust_threshold': 0.5, 'enable_metrics_aggregation': True}, 'logging': {'level': 'INFO', 'format': '%(asctime)s - %(name)s - %(levelname)s - %(message)s', 'log_to_file': False, 'log_file': None, 'metrics': {'enable_tensorboard': False, 'tensorboard_dir': 'logs/tensorboard', 'log_frequency': 1}}}
2025-07-04 23:30:29,256 - __main__ - INFO - Initializing MockExperimentManager
2025-07-04 23:30:29,256 - __main__ - INFO - Created MockDataLoader with config: {}
2025-07-04 23:30:29,256 - __main__ - INFO - Created MockModel with config: {}
2025-07-04 23:30:29,256 - __main__ - INFO - Created MockTrustEvaluator with config: {}
2025-07-04 23:30:29,256 - __main__ - INFO - Created MockFederatedStrategy with config: {}
2025-07-04 23:30:29,256 - __main__ - INFO - Created MockModel with config: {}
2025-07-04 23:30:29,256 - __main__ - INFO - Created MockClient 0
2025-07-04 23:30:29,256 - __main__ - INFO - Created MockModel with config: {}
2025-07-04 23:30:29,256 - __main__ - INFO - Created MockClient 1
2025-07-04 23:30:29,256 - __main__ - INFO - Created MockModel with config: {}
2025-07-04 23:30:29,256 - __main__ - INFO - Created MockClient 2
2025-07-04 23:30:29,256 - __main__ - INFO - Created MockModel with config: {}
2025-07-04 23:30:29,256 - __main__ - INFO - Created MockClient 3
2025-07-04 23:30:29,256 - __main__ - INFO - Created MockModel with config: {}
2025-07-04 23:30:29,256 - __main__ - INFO - Created MockClient 4
2025-07-04 23:30:29,256 - __main__ - INFO - Created 5 clients
2025-07-04 23:30:29,256 - __main__ - INFO - Starting federated learning experiment
2025-07-04 23:30:29,256 - __main__ - INFO - Loading mock training data...
2025-07-04 23:30:29,256 - __main__ - INFO - Getting model parameters
2025-07-04 23:30:29,256 - __main__ - INFO - 
=== Round 1/3 ===
2025-07-04 23:30:29,256 - __main__ - INFO - Round 0: Selected clients [0, 1, 2]
2025-07-04 23:30:29,256 - __main__ - INFO - Client 0: Starting local training
2025-07-04 23:30:29,256 - __main__ - INFO - Setting model parameters
2025-07-04 23:30:29,256 - __main__ - INFO - Getting data for client 0
2025-07-04 23:30:29,256 - __main__ - INFO - Training model on data
2025-07-04 23:30:29,256 - __main__ - INFO - Getting model parameters
2025-07-04 23:30:29,256 - __main__ - INFO - Client 0: Local training complete
2025-07-04 23:30:29,256 - __main__ - INFO - Client 1: Starting local training
2025-07-04 23:30:29,256 - __main__ - INFO - Setting model parameters
2025-07-04 23:30:29,256 - __main__ - INFO - Getting data for client 1
2025-07-04 23:30:29,256 - __main__ - INFO - Training model on data
2025-07-04 23:30:29,256 - __main__ - INFO - Getting model parameters
2025-07-04 23:30:29,256 - __main__ - INFO - Client 1: Local training complete
2025-07-04 23:30:29,256 - __main__ - INFO - Client 2: Starting local training
2025-07-04 23:30:29,256 - __main__ - INFO - Setting model parameters
2025-07-04 23:30:29,256 - __main__ - INFO - Getting data for client 2
2025-07-04 23:30:29,256 - __main__ - INFO - Training model on data
2025-07-04 23:30:29,256 - __main__ - INFO - Getting model parameters
2025-07-04 23:30:29,256 - __main__ - INFO - Client 2: Local training complete
2025-07-04 23:30:29,256 - __main__ - INFO - Client 0 trust score: 1.000
2025-07-04 23:30:29,256 - __main__ - INFO - Client 0 passed trust filter
2025-07-04 23:30:29,256 - __main__ - INFO - Client 1 trust score: 0.900
2025-07-04 23:30:29,256 - __main__ - INFO - Client 1 passed trust filter
2025-07-04 23:30:29,256 - __main__ - INFO - Client 2 trust score: 0.800
2025-07-04 23:30:29,256 - __main__ - INFO - Client 2 passed trust filter
2025-07-04 23:30:29,256 - __main__ - INFO - Trust filter: 3/3 clients passed
2025-07-04 23:30:29,256 - __main__ - INFO - Aggregating updates from 3 clients
2025-07-04 23:30:29,256 - __main__ - INFO - Global model updated with aggregated parameters
2025-07-04 23:30:29,256 - __main__ - INFO - Evaluating model on data
2025-07-04 23:30:29,256 - __main__ - INFO - Round 1 Global Model Performance: {'test_loss': 0.05, 'test_accuracy': 0.98}
2025-07-04 23:30:29,256 - __main__ - INFO - 
=== Round 2/3 ===
2025-07-04 23:30:29,256 - __main__ - INFO - Round 1: Selected clients [0, 1, 2]
2025-07-04 23:30:29,256 - __main__ - INFO - Client 0: Starting local training
2025-07-04 23:30:29,256 - __main__ - INFO - Setting model parameters
2025-07-04 23:30:29,256 - __main__ - INFO - Getting data for client 0
2025-07-04 23:30:29,256 - __main__ - INFO - Training model on data
2025-07-04 23:30:29,256 - __main__ - INFO - Getting model parameters
2025-07-04 23:30:29,256 - __main__ - INFO - Client 0: Local training complete
2025-07-04 23:30:29,256 - __main__ - INFO - Client 1: Starting local training
2025-07-04 23:30:29,256 - __main__ - INFO - Setting model parameters
2025-07-04 23:30:29,256 - __main__ - INFO - Getting data for client 1
2025-07-04 23:30:29,256 - __main__ - INFO - Training model on data
2025-07-04 23:30:29,256 - __main__ - INFO - Getting model parameters
2025-07-04 23:30:29,256 - __main__ - INFO - Client 1: Local training complete
2025-07-04 23:30:29,256 - __main__ - INFO - Client 2: Starting local training
2025-07-04 23:30:29,256 - __main__ - INFO - Setting model parameters
2025-07-04 23:30:29,257 - __main__ - INFO - Getting data for client 2
2025-07-04 23:30:29,257 - __main__ - INFO - Training model on data
2025-07-04 23:30:29,257 - __main__ - INFO - Getting model parameters
2025-07-04 23:30:29,257 - __main__ - INFO - Client 2: Local training complete
2025-07-04 23:30:29,257 - __main__ - INFO - Client 0 trust score: 1.000
2025-07-04 23:30:29,257 - __main__ - INFO - Client 0 passed trust filter
2025-07-04 23:30:29,257 - __main__ - INFO - Client 1 trust score: 0.900
2025-07-04 23:30:29,257 - __main__ - INFO - Client 1 passed trust filter
2025-07-04 23:30:29,257 - __main__ - INFO - Client 2 trust score: 0.800
2025-07-04 23:30:29,257 - __main__ - INFO - Client 2 passed trust filter
2025-07-04 23:30:29,257 - __main__ - INFO - Trust filter: 3/3 clients passed
2025-07-04 23:30:29,257 - __main__ - INFO - Aggregating updates from 3 clients
2025-07-04 23:30:29,257 - __main__ - INFO - Global model updated with aggregated parameters
2025-07-04 23:30:29,257 - __main__ - INFO - Evaluating model on data
2025-07-04 23:30:29,257 - __main__ - INFO - Round 2 Global Model Performance: {'test_loss': 0.05, 'test_accuracy': 0.98}
2025-07-04 23:30:29,257 - __main__ - INFO - 
=== Round 3/3 ===
2025-07-04 23:30:29,257 - __main__ - INFO - Round 2: Selected clients [0, 1, 2]
2025-07-04 23:30:29,257 - __main__ - INFO - Client 0: Starting local training
2025-07-04 23:30:29,257 - __main__ - INFO - Setting model parameters
2025-07-04 23:30:29,257 - __main__ - INFO - Getting data for client 0
2025-07-04 23:30:29,257 - __main__ - INFO - Training model on data
2025-07-04 23:30:29,257 - __main__ - INFO - Getting model parameters
2025-07-04 23:30:29,257 - __main__ - INFO - Client 0: Local training complete
2025-07-04 23:30:29,257 - __main__ - INFO - Client 1: Starting local training
2025-07-04 23:30:29,257 - __main__ - INFO - Setting model parameters
2025-07-04 23:30:29,257 - __main__ - INFO - Getting data for client 1
2025-07-04 23:30:29,257 - __main__ - INFO - Training model on data
2025-07-04 23:30:29,257 - __main__ - INFO - Getting model parameters
2025-07-04 23:30:29,257 - __main__ - INFO - Client 1: Local training complete
2025-07-04 23:30:29,257 - __main__ - INFO - Client 2: Starting local training
2025-07-04 23:30:29,257 - __main__ - INFO - Setting model parameters
2025-07-04 23:30:29,257 - __main__ - INFO - Getting data for client 2
2025-07-04 23:30:29,257 - __main__ - INFO - Training model on data
2025-07-04 23:30:29,257 - __main__ - INFO - Getting model parameters
2025-07-04 23:30:29,257 - __main__ - INFO - Client 2: Local training complete
2025-07-04 23:30:29,257 - __main__ - INFO - Client 0 trust score: 1.000
2025-07-04 23:30:29,257 - __main__ - INFO - Client 0 passed trust filter
2025-07-04 23:30:29,257 - __main__ - INFO - Client 1 trust score: 0.900
2025-07-04 23:30:29,257 - __main__ - INFO - Client 1 passed trust filter
2025-07-04 23:30:29,257 - __main__ - INFO - Client 2 trust score: 0.800
2025-07-04 23:30:29,257 - __main__ - INFO - Client 2 passed trust filter
2025-07-04 23:30:29,257 - __main__ - INFO - Trust filter: 3/3 clients passed
2025-07-04 23:30:29,257 - __main__ - INFO - Aggregating updates from 3 clients
2025-07-04 23:30:29,257 - __main__ - INFO - Global model updated with aggregated parameters
2025-07-04 23:30:29,257 - __main__ - INFO - Evaluating model on data
2025-07-04 23:30:29,257 - __main__ - INFO - Round 3 Global Model Performance: {'test_loss': 0.05, 'test_accuracy': 0.98}
2025-07-04 23:30:29,257 - __main__ - INFO - Federated learning experiment completed successfully!
2025-07-04 23:30:29,257 - __main__ - INFO - ============================================================
2025-07-04 23:30:29,257 - __main__ - INFO - Demonstration completed successfully!
2025-07-04 23:30:29,257 - __main__ - INFO - Results: {'status': 'success', 'final_metrics': {'test_loss': 0.05, 'test_accuracy': 0.98}}
2025-07-05 20:46:38,749 - __main__ - INFO - Starting TRUST-MCNet Refactored Architecture Demonstration
2025-07-05 20:46:38,749 - __main__ - INFO - ============================================================
2025-07-05 20:46:38,751 - __main__ - INFO - Loaded configuration from config/config.yaml
2025-07-05 20:46:38,751 - __main__ - INFO - Configuration: {'defaults': [{'dataset': 'mnist'}, {'env': 'local'}, {'strategy': 'fedavg'}, {'trust': 'hybrid'}, {'model': 'mlp'}, {'training': 'default'}, {'ray': 'local'}, '_self_'], 'hydra': {'run': {'dir': 'outputs/${now:%Y-%m-%d}/${now:%H-%M-%S}'}, 'sweep': {'dir': 'multirun/${now:%Y-%m-%d}/${now:%H-%M-%S}', 'subdir': '${hydra:job.num}'}, 'job': {'chdir': False}}, 'federated': {'num_rounds': 3, 'fraction_fit': 0.8, 'fraction_evaluate': 0.2, 'min_fit_clients': 2, 'min_evaluate_clients': 2, 'min_available_clients': 2}, 'simulation': {'use_legacy': False, 'use_enhanced_client': True, 'enable_trust_evaluation': True, 'trust_threshold': 0.5, 'enable_metrics_aggregation': True}, 'logging': {'level': 'INFO', 'format': '%(asctime)s - %(name)s - %(levelname)s - %(message)s', 'log_to_file': False, 'log_file': None, 'metrics': {'enable_tensorboard': False, 'tensorboard_dir': 'logs/tensorboard', 'log_frequency': 1}}}
2025-07-05 20:46:38,751 - __main__ - INFO - Initializing MockExperimentManager
2025-07-05 20:46:38,751 - __main__ - INFO - Created MockDataLoader with config: {}
2025-07-05 20:46:38,751 - __main__ - INFO - Created MockModel with config: {}
2025-07-05 20:46:38,751 - __main__ - INFO - Created MockTrustEvaluator with config: {}
2025-07-05 20:46:38,751 - __main__ - INFO - Created MockFederatedStrategy with config: {}
2025-07-05 20:46:38,751 - __main__ - INFO - Created MockModel with config: {}
2025-07-05 20:46:38,751 - __main__ - INFO - Created MockClient 0
2025-07-05 20:46:38,751 - __main__ - INFO - Created MockModel with config: {}
2025-07-05 20:46:38,751 - __main__ - INFO - Created MockClient 1
2025-07-05 20:46:38,751 - __main__ - INFO - Created MockModel with config: {}
2025-07-05 20:46:38,751 - __main__ - INFO - Created MockClient 2
2025-07-05 20:46:38,751 - __main__ - INFO - Created MockModel with config: {}
2025-07-05 20:46:38,751 - __main__ - INFO - Created MockClient 3
2025-07-05 20:46:38,751 - __main__ - INFO - Created MockModel with config: {}
2025-07-05 20:46:38,751 - __main__ - INFO - Created MockClient 4
2025-07-05 20:46:38,751 - __main__ - INFO - Created 5 clients
2025-07-05 20:46:38,751 - __main__ - INFO - Starting federated learning experiment
2025-07-05 20:46:38,751 - __main__ - INFO - Loading mock training data...
2025-07-05 20:46:38,751 - __main__ - INFO - Getting model parameters
2025-07-05 20:46:38,751 - __main__ - INFO - 
=== Round 1/3 ===
2025-07-05 20:46:38,752 - __main__ - INFO - Round 0: Selected clients [0, 1, 2]
2025-07-05 20:46:38,752 - __main__ - INFO - Client 0: Starting local training
2025-07-05 20:46:38,752 - __main__ - INFO - Setting model parameters
2025-07-05 20:46:38,752 - __main__ - INFO - Getting data for client 0
2025-07-05 20:46:38,752 - __main__ - INFO - Training model on data
2025-07-05 20:46:38,752 - __main__ - INFO - Getting model parameters
2025-07-05 20:46:38,752 - __main__ - INFO - Client 0: Local training complete
2025-07-05 20:46:38,752 - __main__ - INFO - Client 1: Starting local training
2025-07-05 20:46:38,752 - __main__ - INFO - Setting model parameters
2025-07-05 20:46:38,752 - __main__ - INFO - Getting data for client 1
2025-07-05 20:46:38,752 - __main__ - INFO - Training model on data
2025-07-05 20:46:38,752 - __main__ - INFO - Getting model parameters
2025-07-05 20:46:38,752 - __main__ - INFO - Client 1: Local training complete
2025-07-05 20:46:38,752 - __main__ - INFO - Client 2: Starting local training
2025-07-05 20:46:38,752 - __main__ - INFO - Setting model parameters
2025-07-05 20:46:38,752 - __main__ - INFO - Getting data for client 2
2025-07-05 20:46:38,752 - __main__ - INFO - Training model on data
2025-07-05 20:46:38,752 - __main__ - INFO - Getting model parameters
2025-07-05 20:46:38,752 - __main__ - INFO - Client 2: Local training complete
2025-07-05 20:46:38,752 - __main__ - INFO - Client 0 trust score: 1.000
2025-07-05 20:46:38,752 - __main__ - INFO - Client 0 passed trust filter
2025-07-05 20:46:38,752 - __main__ - INFO - Client 1 trust score: 0.900
2025-07-05 20:46:38,752 - __main__ - INFO - Client 1 passed trust filter
2025-07-05 20:46:38,752 - __main__ - INFO - Client 2 trust score: 0.800
2025-07-05 20:46:38,752 - __main__ - INFO - Client 2 passed trust filter
2025-07-05 20:46:38,752 - __main__ - INFO - Trust filter: 3/3 clients passed
2025-07-05 20:46:38,752 - __main__ - INFO - Aggregating updates from 3 clients
2025-07-05 20:46:38,752 - __main__ - INFO - Global model updated with aggregated parameters
2025-07-05 20:46:38,752 - __main__ - INFO - Evaluating model on data
2025-07-05 20:46:38,752 - __main__ - INFO - Round 1 Global Model Performance: {'test_loss': 0.05, 'test_accuracy': 0.98}
2025-07-05 20:46:38,752 - __main__ - INFO - 
=== Round 2/3 ===
2025-07-05 20:46:38,752 - __main__ - INFO - Round 1: Selected clients [0, 1, 2]
2025-07-05 20:46:38,752 - __main__ - INFO - Client 0: Starting local training
2025-07-05 20:46:38,752 - __main__ - INFO - Setting model parameters
2025-07-05 20:46:38,752 - __main__ - INFO - Getting data for client 0
2025-07-05 20:46:38,752 - __main__ - INFO - Training model on data
2025-07-05 20:46:38,752 - __main__ - INFO - Getting model parameters
2025-07-05 20:46:38,752 - __main__ - INFO - Client 0: Local training complete
2025-07-05 20:46:38,752 - __main__ - INFO - Client 1: Starting local training
2025-07-05 20:46:38,752 - __main__ - INFO - Setting model parameters
2025-07-05 20:46:38,752 - __main__ - INFO - Getting data for client 1
2025-07-05 20:46:38,752 - __main__ - INFO - Training model on data
2025-07-05 20:46:38,752 - __main__ - INFO - Getting model parameters
2025-07-05 20:46:38,752 - __main__ - INFO - Client 1: Local training complete
2025-07-05 20:46:38,752 - __main__ - INFO - Client 2: Starting local training
2025-07-05 20:46:38,752 - __main__ - INFO - Setting model parameters
2025-07-05 20:46:38,752 - __main__ - INFO - Getting data for client 2
2025-07-05 20:46:38,752 - __main__ - INFO - Training model on data
2025-07-05 20:46:38,752 - __main__ - INFO - Getting model parameters
2025-07-05 20:46:38,752 - __main__ - INFO - Client 2: Local training complete
2025-07-05 20:46:38,752 - __main__ - INFO - Client 0 trust score: 1.000
2025-07-05 20:46:38,752 - __main__ - INFO - Client 0 passed trust filter
2025-07-05 20:46:38,752 - __main__ - INFO - Client 1 trust score: 0.900
2025-07-05 20:46:38,752 - __main__ - INFO - Client 1 passed trust filter
2025-07-05 20:46:38,752 - __main__ - INFO - Client 2 trust score: 0.800
2025-07-05 20:46:38,752 - __main__ - INFO - Client 2 passed trust filter
2025-07-05 20:46:38,752 - __main__ - INFO - Trust filter: 3/3 clients passed
2025-07-05 20:46:38,752 - __main__ - INFO - Aggregating updates from 3 clients
2025-07-05 20:46:38,752 - __main__ - INFO - Global model updated with aggregated parameters
2025-07-05 20:46:38,752 - __main__ - INFO - Evaluating model on data
2025-07-05 20:46:38,752 - __main__ - INFO - Round 2 Global Model Performance: {'test_loss': 0.05, 'test_accuracy': 0.98}
2025-07-05 20:46:38,752 - __main__ - INFO - 
=== Round 3/3 ===
2025-07-05 20:46:38,752 - __main__ - INFO - Round 2: Selected clients [0, 1, 2]
2025-07-05 20:46:38,753 - __main__ - INFO - Client 0: Starting local training
2025-07-05 20:46:38,753 - __main__ - INFO - Setting model parameters
2025-07-05 20:46:38,753 - __main__ - INFO - Getting data for client 0
2025-07-05 20:46:38,753 - __main__ - INFO - Training model on data
2025-07-05 20:46:38,753 - __main__ - INFO - Getting model parameters
2025-07-05 20:46:38,753 - __main__ - INFO - Client 0: Local training complete
2025-07-05 20:46:38,753 - __main__ - INFO - Client 1: Starting local training
2025-07-05 20:46:38,753 - __main__ - INFO - Setting model parameters
2025-07-05 20:46:38,753 - __main__ - INFO - Getting data for client 1
2025-07-05 20:46:38,753 - __main__ - INFO - Training model on data
2025-07-05 20:46:38,753 - __main__ - INFO - Getting model parameters
2025-07-05 20:46:38,753 - __main__ - INFO - Client 1: Local training complete
2025-07-05 20:46:38,753 - __main__ - INFO - Client 2: Starting local training
2025-07-05 20:46:38,753 - __main__ - INFO - Setting model parameters
2025-07-05 20:46:38,753 - __main__ - INFO - Getting data for client 2
2025-07-05 20:46:38,753 - __main__ - INFO - Training model on data
2025-07-05 20:46:38,753 - __main__ - INFO - Getting model parameters
2025-07-05 20:46:38,753 - __main__ - INFO - Client 2: Local training complete
2025-07-05 20:46:38,753 - __main__ - INFO - Client 0 trust score: 1.000
2025-07-05 20:46:38,753 - __main__ - INFO - Client 0 passed trust filter
2025-07-05 20:46:38,753 - __main__ - INFO - Client 1 trust score: 0.900
2025-07-05 20:46:38,753 - __main__ - INFO - Client 1 passed trust filter
2025-07-05 20:46:38,753 - __main__ - INFO - Client 2 trust score: 0.800
2025-07-05 20:46:38,753 - __main__ - INFO - Client 2 passed trust filter
2025-07-05 20:46:38,753 - __main__ - INFO - Trust filter: 3/3 clients passed
2025-07-05 20:46:38,753 - __main__ - INFO - Aggregating updates from 3 clients
2025-07-05 20:46:38,753 - __main__ - INFO - Global model updated with aggregated parameters
2025-07-05 20:46:38,753 - __main__ - INFO - Evaluating model on data
2025-07-05 20:46:38,753 - __main__ - INFO - Round 3 Global Model Performance: {'test_loss': 0.05, 'test_accuracy': 0.98}
2025-07-05 20:46:38,753 - __main__ - INFO - Federated learning experiment completed successfully!
2025-07-05 20:46:38,753 - __main__ - INFO - ============================================================
2025-07-05 20:46:38,753 - __main__ - INFO - Demonstration completed successfully!
2025-07-05 20:46:38,753 - __main__ - INFO - Results: {'status': 'success', 'final_metrics': {'test_loss': 0.05, 'test_accuracy': 0.98}}
2025-07-05 20:46:38,800 - __main__ - INFO - Starting TRUST-MCNet Refactored Architecture Demonstration
2025-07-05 20:46:38,800 - __main__ - INFO - ============================================================
2025-07-05 20:46:38,804 - __main__ - INFO - Loaded configuration from config/config.yaml
2025-07-05 20:46:38,804 - __main__ - INFO - Configuration: {'defaults': [{'dataset': 'mnist'}, {'env': 'local'}, {'strategy': 'fedavg'}, {'trust': 'hybrid'}, {'model': 'mlp'}, {'training': 'default'}, {'ray': 'local'}, '_self_'], 'hydra': {'run': {'dir': 'outputs/${now:%Y-%m-%d}/${now:%H-%M-%S}'}, 'sweep': {'dir': 'multirun/${now:%Y-%m-%d}/${now:%H-%M-%S}', 'subdir': '${hydra:job.num}'}, 'job': {'chdir': False}}, 'federated': {'num_rounds': 3, 'fraction_fit': 0.8, 'fraction_evaluate': 0.2, 'min_fit_clients': 2, 'min_evaluate_clients': 2, 'min_available_clients': 2}, 'simulation': {'use_legacy': False, 'use_enhanced_client': True, 'enable_trust_evaluation': True, 'trust_threshold': 0.5, 'enable_metrics_aggregation': True}, 'logging': {'level': 'INFO', 'format': '%(asctime)s - %(name)s - %(levelname)s - %(message)s', 'log_to_file': False, 'log_file': None, 'metrics': {'enable_tensorboard': False, 'tensorboard_dir': 'logs/tensorboard', 'log_frequency': 1}}}
2025-07-05 20:46:38,804 - __main__ - INFO - Initializing MockExperimentManager
2025-07-05 20:46:38,804 - __main__ - INFO - Created MockDataLoader with config: {}
2025-07-05 20:46:38,804 - __main__ - INFO - Created MockModel with config: {}
2025-07-05 20:46:38,805 - __main__ - INFO - Created MockTrustEvaluator with config: {}
2025-07-05 20:46:38,805 - __main__ - INFO - Created MockFederatedStrategy with config: {}
2025-07-05 20:46:38,805 - __main__ - INFO - Created MockModel with config: {}
2025-07-05 20:46:38,805 - __main__ - INFO - Created MockClient 0
2025-07-05 20:46:38,805 - __main__ - INFO - Created MockModel with config: {}
2025-07-05 20:46:38,805 - __main__ - INFO - Created MockClient 1
2025-07-05 20:46:38,805 - __main__ - INFO - Created MockModel with config: {}
2025-07-05 20:46:38,805 - __main__ - INFO - Created MockClient 2
2025-07-05 20:46:38,805 - __main__ - INFO - Created MockModel with config: {}
2025-07-05 20:46:38,805 - __main__ - INFO - Created MockClient 3
2025-07-05 20:46:38,805 - __main__ - INFO - Created MockModel with config: {}
2025-07-05 20:46:38,805 - __main__ - INFO - Created MockClient 4
2025-07-05 20:46:38,805 - __main__ - INFO - Created 5 clients
2025-07-05 20:46:38,805 - __main__ - INFO - Starting federated learning experiment
2025-07-05 20:46:38,805 - __main__ - INFO - Loading mock training data...
2025-07-05 20:46:38,805 - __main__ - INFO - Getting model parameters
2025-07-05 20:46:38,805 - __main__ - INFO - 
=== Round 1/3 ===
2025-07-05 20:46:38,805 - __main__ - INFO - Round 0: Selected clients [0, 1, 2]
2025-07-05 20:46:38,805 - __main__ - INFO - Client 0: Starting local training
2025-07-05 20:46:38,805 - __main__ - INFO - Setting model parameters
2025-07-05 20:46:38,805 - __main__ - INFO - Getting data for client 0
2025-07-05 20:46:38,805 - __main__ - INFO - Training model on data
2025-07-05 20:46:38,805 - __main__ - INFO - Getting model parameters
2025-07-05 20:46:38,805 - __main__ - INFO - Client 0: Local training complete
2025-07-05 20:46:38,805 - __main__ - INFO - Client 1: Starting local training
2025-07-05 20:46:38,805 - __main__ - INFO - Setting model parameters
2025-07-05 20:46:38,805 - __main__ - INFO - Getting data for client 1
2025-07-05 20:46:38,805 - __main__ - INFO - Training model on data
2025-07-05 20:46:38,805 - __main__ - INFO - Getting model parameters
2025-07-05 20:46:38,805 - __main__ - INFO - Client 1: Local training complete
2025-07-05 20:46:38,805 - __main__ - INFO - Client 2: Starting local training
2025-07-05 20:46:38,805 - __main__ - INFO - Setting model parameters
2025-07-05 20:46:38,805 - __main__ - INFO - Getting data for client 2
2025-07-05 20:46:38,805 - __main__ - INFO - Training model on data
2025-07-05 20:46:38,805 - __main__ - INFO - Getting model parameters
2025-07-05 20:46:38,806 - __main__ - INFO - Client 2: Local training complete
2025-07-05 20:46:38,806 - __main__ - INFO - Client 0 trust score: 1.000
2025-07-05 20:46:38,806 - __main__ - INFO - Client 0 passed trust filter
2025-07-05 20:46:38,806 - __main__ - INFO - Client 1 trust score: 0.900
2025-07-05 20:46:38,806 - __main__ - INFO - Client 1 passed trust filter
2025-07-05 20:46:38,806 - __main__ - INFO - Client 2 trust score: 0.800
2025-07-05 20:46:38,806 - __main__ - INFO - Client 2 passed trust filter
2025-07-05 20:46:38,806 - __main__ - INFO - Trust filter: 3/3 clients passed
2025-07-05 20:46:38,806 - __main__ - INFO - Aggregating updates from 3 clients
2025-07-05 20:46:38,806 - __main__ - INFO - Global model updated with aggregated parameters
2025-07-05 20:46:38,806 - __main__ - INFO - Evaluating model on data
2025-07-05 20:46:38,806 - __main__ - INFO - Round 1 Global Model Performance: {'test_loss': 0.05, 'test_accuracy': 0.98}
2025-07-05 20:46:38,806 - __main__ - INFO - 
=== Round 2/3 ===
2025-07-05 20:46:38,806 - __main__ - INFO - Round 1: Selected clients [0, 1, 2]
2025-07-05 20:46:38,806 - __main__ - INFO - Client 0: Starting local training
2025-07-05 20:46:38,806 - __main__ - INFO - Setting model parameters
2025-07-05 20:46:38,806 - __main__ - INFO - Getting data for client 0
2025-07-05 20:46:38,806 - __main__ - INFO - Training model on data
2025-07-05 20:46:38,806 - __main__ - INFO - Getting model parameters
2025-07-05 20:46:38,806 - __main__ - INFO - Client 0: Local training complete
2025-07-05 20:46:38,806 - __main__ - INFO - Client 1: Starting local training
2025-07-05 20:46:38,806 - __main__ - INFO - Setting model parameters
2025-07-05 20:46:38,806 - __main__ - INFO - Getting data for client 1
2025-07-05 20:46:38,806 - __main__ - INFO - Training model on data
2025-07-05 20:46:38,806 - __main__ - INFO - Getting model parameters
2025-07-05 20:46:38,806 - __main__ - INFO - Client 1: Local training complete
2025-07-05 20:46:38,806 - __main__ - INFO - Client 2: Starting local training
2025-07-05 20:46:38,806 - __main__ - INFO - Setting model parameters
2025-07-05 20:46:38,806 - __main__ - INFO - Getting data for client 2
2025-07-05 20:46:38,806 - __main__ - INFO - Training model on data
2025-07-05 20:46:38,806 - __main__ - INFO - Getting model parameters
2025-07-05 20:46:38,806 - __main__ - INFO - Client 2: Local training complete
2025-07-05 20:46:38,806 - __main__ - INFO - Client 0 trust score: 1.000
2025-07-05 20:46:38,806 - __main__ - INFO - Client 0 passed trust filter
2025-07-05 20:46:38,807 - __main__ - INFO - Client 1 trust score: 0.900
2025-07-05 20:46:38,807 - __main__ - INFO - Client 1 passed trust filter
2025-07-05 20:46:38,807 - __main__ - INFO - Client 2 trust score: 0.800
2025-07-05 20:46:38,807 - __main__ - INFO - Client 2 passed trust filter
2025-07-05 20:46:38,807 - __main__ - INFO - Trust filter: 3/3 clients passed
2025-07-05 20:46:38,807 - __main__ - INFO - Aggregating updates from 3 clients
2025-07-05 20:46:38,807 - __main__ - INFO - Global model updated with aggregated parameters
2025-07-05 20:46:38,807 - __main__ - INFO - Evaluating model on data
2025-07-05 20:46:38,807 - __main__ - INFO - Round 2 Global Model Performance: {'test_loss': 0.05, 'test_accuracy': 0.98}
2025-07-05 20:46:38,807 - __main__ - INFO - 
=== Round 3/3 ===
2025-07-05 20:46:38,807 - __main__ - INFO - Round 2: Selected clients [0, 1, 2]
2025-07-05 20:46:38,807 - __main__ - INFO - Client 0: Starting local training
2025-07-05 20:46:38,807 - __main__ - INFO - Setting model parameters
2025-07-05 20:46:38,807 - __main__ - INFO - Getting data for client 0
2025-07-05 20:46:38,807 - __main__ - INFO - Training model on data
2025-07-05 20:46:38,807 - __main__ - INFO - Getting model parameters
2025-07-05 20:46:38,807 - __main__ - INFO - Client 0: Local training complete
2025-07-05 20:46:38,807 - __main__ - INFO - Client 1: Starting local training
2025-07-05 20:46:38,807 - __main__ - INFO - Setting model parameters
2025-07-05 20:46:38,807 - __main__ - INFO - Getting data for client 1
2025-07-05 20:46:38,807 - __main__ - INFO - Training model on data
2025-07-05 20:46:38,807 - __main__ - INFO - Getting model parameters
2025-07-05 20:46:38,807 - __main__ - INFO - Client 1: Local training complete
2025-07-05 20:46:38,807 - __main__ - INFO - Client 2: Starting local training
2025-07-05 20:46:38,807 - __main__ - INFO - Setting model parameters
2025-07-05 20:46:38,807 - __main__ - INFO - Getting data for client 2
2025-07-05 20:46:38,807 - __main__ - INFO - Training model on data
2025-07-05 20:46:38,807 - __main__ - INFO - Getting model parameters
2025-07-05 20:46:38,807 - __main__ - INFO - Client 2: Local training complete
2025-07-05 20:46:38,807 - __main__ - INFO - Client 0 trust score: 1.000
2025-07-05 20:46:38,807 - __main__ - INFO - Client 0 passed trust filter
2025-07-05 20:46:38,807 - __main__ - INFO - Client 1 trust score: 0.900
2025-07-05 20:46:38,807 - __main__ - INFO - Client 1 passed trust filter
2025-07-05 20:46:38,807 - __main__ - INFO - Client 2 trust score: 0.800
2025-07-05 20:46:38,807 - __main__ - INFO - Client 2 passed trust filter
2025-07-05 20:46:38,807 - __main__ - INFO - Trust filter: 3/3 clients passed
2025-07-05 20:46:38,807 - __main__ - INFO - Aggregating updates from 3 clients
2025-07-05 20:46:38,807 - __main__ - INFO - Global model updated with aggregated parameters
2025-07-05 20:46:38,807 - __main__ - INFO - Evaluating model on data
2025-07-05 20:46:38,807 - __main__ - INFO - Round 3 Global Model Performance: {'test_loss': 0.05, 'test_accuracy': 0.98}
2025-07-05 20:46:38,807 - __main__ - INFO - Federated learning experiment completed successfully!
2025-07-05 20:46:38,807 - __main__ - INFO - ============================================================
2025-07-05 20:46:38,807 - __main__ - INFO - Demonstration completed successfully!
2025-07-05 20:46:38,807 - __main__ - INFO - Results: {'status': 'success', 'final_metrics': {'test_loss': 0.05, 'test_accuracy': 0.98}}
2025-07-05 20:46:38,858 - __main__ - INFO - Starting TRUST-MCNet Refactored Architecture Demonstration
2025-07-05 20:46:38,858 - __main__ - INFO - ============================================================
2025-07-05 20:46:38,860 - __main__ - INFO - Loaded configuration from config/config.yaml
2025-07-05 20:46:38,860 - __main__ - INFO - Configuration: {'defaults': [{'dataset': 'mnist'}, {'env': 'local'}, {'strategy': 'fedavg'}, {'trust': 'hybrid'}, {'model': 'mlp'}, {'training': 'default'}, {'ray': 'local'}, '_self_'], 'hydra': {'run': {'dir': 'outputs/${now:%Y-%m-%d}/${now:%H-%M-%S}'}, 'sweep': {'dir': 'multirun/${now:%Y-%m-%d}/${now:%H-%M-%S}', 'subdir': '${hydra:job.num}'}, 'job': {'chdir': False}}, 'federated': {'num_rounds': 3, 'fraction_fit': 0.8, 'fraction_evaluate': 0.2, 'min_fit_clients': 2, 'min_evaluate_clients': 2, 'min_available_clients': 2}, 'simulation': {'use_legacy': False, 'use_enhanced_client': True, 'enable_trust_evaluation': True, 'trust_threshold': 0.5, 'enable_metrics_aggregation': True}, 'logging': {'level': 'INFO', 'format': '%(asctime)s - %(name)s - %(levelname)s - %(message)s', 'log_to_file': False, 'log_file': None, 'metrics': {'enable_tensorboard': False, 'tensorboard_dir': 'logs/tensorboard', 'log_frequency': 1}}}
2025-07-05 20:46:38,860 - __main__ - INFO - Initializing MockExperimentManager
2025-07-05 20:46:38,860 - __main__ - INFO - Created MockDataLoader with config: {}
2025-07-05 20:46:38,860 - __main__ - INFO - Created MockModel with config: {}
2025-07-05 20:46:38,860 - __main__ - INFO - Created MockTrustEvaluator with config: {}
2025-07-05 20:46:38,860 - __main__ - INFO - Created MockFederatedStrategy with config: {}
2025-07-05 20:46:38,860 - __main__ - INFO - Created MockModel with config: {}
2025-07-05 20:46:38,860 - __main__ - INFO - Created MockClient 0
2025-07-05 20:46:38,860 - __main__ - INFO - Created MockModel with config: {}
2025-07-05 20:46:38,860 - __main__ - INFO - Created MockClient 1
2025-07-05 20:46:38,860 - __main__ - INFO - Created MockModel with config: {}
2025-07-05 20:46:38,860 - __main__ - INFO - Created MockClient 2
2025-07-05 20:46:38,860 - __main__ - INFO - Created MockModel with config: {}
2025-07-05 20:46:38,860 - __main__ - INFO - Created MockClient 3
2025-07-05 20:46:38,860 - __main__ - INFO - Created MockModel with config: {}
2025-07-05 20:46:38,860 - __main__ - INFO - Created MockClient 4
2025-07-05 20:46:38,860 - __main__ - INFO - Created 5 clients
2025-07-05 20:46:38,860 - __main__ - INFO - Starting federated learning experiment
2025-07-05 20:46:38,860 - __main__ - INFO - Loading mock training data...
2025-07-05 20:46:38,860 - __main__ - INFO - Getting model parameters
2025-07-05 20:46:38,860 - __main__ - INFO - 
=== Round 1/3 ===
2025-07-05 20:46:38,860 - __main__ - INFO - Round 0: Selected clients [0, 1, 2]
2025-07-05 20:46:38,860 - __main__ - INFO - Client 0: Starting local training
2025-07-05 20:46:38,860 - __main__ - INFO - Setting model parameters
2025-07-05 20:46:38,860 - __main__ - INFO - Getting data for client 0
2025-07-05 20:46:38,860 - __main__ - INFO - Training model on data
2025-07-05 20:46:38,860 - __main__ - INFO - Getting model parameters
2025-07-05 20:46:38,860 - __main__ - INFO - Client 0: Local training complete
2025-07-05 20:46:38,860 - __main__ - INFO - Client 1: Starting local training
2025-07-05 20:46:38,860 - __main__ - INFO - Setting model parameters
2025-07-05 20:46:38,860 - __main__ - INFO - Getting data for client 1
2025-07-05 20:46:38,860 - __main__ - INFO - Training model on data
2025-07-05 20:46:38,860 - __main__ - INFO - Getting model parameters
2025-07-05 20:46:38,860 - __main__ - INFO - Client 1: Local training complete
2025-07-05 20:46:38,860 - __main__ - INFO - Client 2: Starting local training
2025-07-05 20:46:38,860 - __main__ - INFO - Setting model parameters
2025-07-05 20:46:38,860 - __main__ - INFO - Getting data for client 2
2025-07-05 20:46:38,860 - __main__ - INFO - Training model on data
2025-07-05 20:46:38,860 - __main__ - INFO - Getting model parameters
2025-07-05 20:46:38,860 - __main__ - INFO - Client 2: Local training complete
2025-07-05 20:46:38,860 - __main__ - INFO - Client 0 trust score: 1.000
2025-07-05 20:46:38,860 - __main__ - INFO - Client 0 passed trust filter
2025-07-05 20:46:38,860 - __main__ - INFO - Client 1 trust score: 0.900
2025-07-05 20:46:38,860 - __main__ - INFO - Client 1 passed trust filter
2025-07-05 20:46:38,860 - __main__ - INFO - Client 2 trust score: 0.800
2025-07-05 20:46:38,860 - __main__ - INFO - Client 2 passed trust filter
2025-07-05 20:46:38,860 - __main__ - INFO - Trust filter: 3/3 clients passed
2025-07-05 20:46:38,860 - __main__ - INFO - Aggregating updates from 3 clients
2025-07-05 20:46:38,860 - __main__ - INFO - Global model updated with aggregated parameters
2025-07-05 20:46:38,860 - __main__ - INFO - Evaluating model on data
2025-07-05 20:46:38,860 - __main__ - INFO - Round 1 Global Model Performance: {'test_loss': 0.05, 'test_accuracy': 0.98}
2025-07-05 20:46:38,860 - __main__ - INFO - 
=== Round 2/3 ===
2025-07-05 20:46:38,860 - __main__ - INFO - Round 1: Selected clients [0, 1, 2]
2025-07-05 20:46:38,860 - __main__ - INFO - Client 0: Starting local training
2025-07-05 20:46:38,860 - __main__ - INFO - Setting model parameters
2025-07-05 20:46:38,860 - __main__ - INFO - Getting data for client 0
2025-07-05 20:46:38,861 - __main__ - INFO - Training model on data
2025-07-05 20:46:38,861 - __main__ - INFO - Getting model parameters
2025-07-05 20:46:38,861 - __main__ - INFO - Client 0: Local training complete
2025-07-05 20:46:38,861 - __main__ - INFO - Client 1: Starting local training
2025-07-05 20:46:38,861 - __main__ - INFO - Setting model parameters
2025-07-05 20:46:38,861 - __main__ - INFO - Getting data for client 1
2025-07-05 20:46:38,861 - __main__ - INFO - Training model on data
2025-07-05 20:46:38,861 - __main__ - INFO - Getting model parameters
2025-07-05 20:46:38,861 - __main__ - INFO - Client 1: Local training complete
2025-07-05 20:46:38,861 - __main__ - INFO - Client 2: Starting local training
2025-07-05 20:46:38,861 - __main__ - INFO - Setting model parameters
2025-07-05 20:46:38,861 - __main__ - INFO - Getting data for client 2
2025-07-05 20:46:38,861 - __main__ - INFO - Training model on data
2025-07-05 20:46:38,861 - __main__ - INFO - Getting model parameters
2025-07-05 20:46:38,861 - __main__ - INFO - Client 2: Local training complete
2025-07-05 20:46:38,861 - __main__ - INFO - Client 0 trust score: 1.000
2025-07-05 20:46:38,861 - __main__ - INFO - Client 0 passed trust filter
2025-07-05 20:46:38,861 - __main__ - INFO - Client 1 trust score: 0.900
2025-07-05 20:46:38,861 - __main__ - INFO - Client 1 passed trust filter
2025-07-05 20:46:38,861 - __main__ - INFO - Client 2 trust score: 0.800
2025-07-05 20:46:38,861 - __main__ - INFO - Client 2 passed trust filter
2025-07-05 20:46:38,861 - __main__ - INFO - Trust filter: 3/3 clients passed
2025-07-05 20:46:38,861 - __main__ - INFO - Aggregating updates from 3 clients
2025-07-05 20:46:38,861 - __main__ - INFO - Global model updated with aggregated parameters
2025-07-05 20:46:38,861 - __main__ - INFO - Evaluating model on data
2025-07-05 20:46:38,861 - __main__ - INFO - Round 2 Global Model Performance: {'test_loss': 0.05, 'test_accuracy': 0.98}
2025-07-05 20:46:38,861 - __main__ - INFO - 
=== Round 3/3 ===
2025-07-05 20:46:38,861 - __main__ - INFO - Round 2: Selected clients [0, 1, 2]
2025-07-05 20:46:38,861 - __main__ - INFO - Client 0: Starting local training
2025-07-05 20:46:38,861 - __main__ - INFO - Setting model parameters
2025-07-05 20:46:38,861 - __main__ - INFO - Getting data for client 0
2025-07-05 20:46:38,861 - __main__ - INFO - Training model on data
2025-07-05 20:46:38,861 - __main__ - INFO - Getting model parameters
2025-07-05 20:46:38,861 - __main__ - INFO - Client 0: Local training complete
2025-07-05 20:46:38,861 - __main__ - INFO - Client 1: Starting local training
2025-07-05 20:46:38,861 - __main__ - INFO - Setting model parameters
2025-07-05 20:46:38,861 - __main__ - INFO - Getting data for client 1
2025-07-05 20:46:38,861 - __main__ - INFO - Training model on data
2025-07-05 20:46:38,861 - __main__ - INFO - Getting model parameters
2025-07-05 20:46:38,861 - __main__ - INFO - Client 1: Local training complete
2025-07-05 20:46:38,861 - __main__ - INFO - Client 2: Starting local training
2025-07-05 20:46:38,861 - __main__ - INFO - Setting model parameters
2025-07-05 20:46:38,861 - __main__ - INFO - Getting data for client 2
2025-07-05 20:46:38,861 - __main__ - INFO - Training model on data
2025-07-05 20:46:38,861 - __main__ - INFO - Getting model parameters
2025-07-05 20:46:38,861 - __main__ - INFO - Client 2: Local training complete
2025-07-05 20:46:38,861 - __main__ - INFO - Client 0 trust score: 1.000
2025-07-05 20:46:38,861 - __main__ - INFO - Client 0 passed trust filter
2025-07-05 20:46:38,861 - __main__ - INFO - Client 1 trust score: 0.900
2025-07-05 20:46:38,861 - __main__ - INFO - Client 1 passed trust filter
2025-07-05 20:46:38,861 - __main__ - INFO - Client 2 trust score: 0.800
2025-07-05 20:46:38,861 - __main__ - INFO - Client 2 passed trust filter
2025-07-05 20:46:38,861 - __main__ - INFO - Trust filter: 3/3 clients passed
2025-07-05 20:46:38,861 - __main__ - INFO - Aggregating updates from 3 clients
2025-07-05 20:46:38,861 - __main__ - INFO - Global model updated with aggregated parameters
2025-07-05 20:46:38,861 - __main__ - INFO - Evaluating model on data
2025-07-05 20:46:38,861 - __main__ - INFO - Round 3 Global Model Performance: {'test_loss': 0.05, 'test_accuracy': 0.98}
2025-07-05 20:46:38,861 - __main__ - INFO - Federated learning experiment completed successfully!
2025-07-05 20:46:38,861 - __main__ - INFO - ============================================================
2025-07-05 20:46:38,861 - __main__ - INFO - Demonstration completed successfully!
2025-07-05 20:46:38,861 - __main__ - INFO - Results: {'status': 'success', 'final_metrics': {'test_loss': 0.05, 'test_accuracy': 0.98}}
2025-07-05 20:46:52,907 - __main__ - INFO - Starting TRUST-MCNet Refactored Architecture Demonstration
2025-07-05 20:46:52,907 - __main__ - INFO - ============================================================
2025-07-05 20:46:52,909 - __main__ - INFO - Loaded configuration from config/config.yaml
2025-07-05 20:46:52,909 - __main__ - INFO - Configuration: {'defaults': [{'dataset': 'mnist'}, {'env': 'local'}, {'strategy': 'fedavg'}, {'trust': 'hybrid'}, {'model': 'mlp'}, {'training': 'default'}, {'ray': 'local'}, '_self_'], 'hydra': {'run': {'dir': 'outputs/${now:%Y-%m-%d}/${now:%H-%M-%S}'}, 'sweep': {'dir': 'multirun/${now:%Y-%m-%d}/${now:%H-%M-%S}', 'subdir': '${hydra:job.num}'}, 'job': {'chdir': False}}, 'federated': {'num_rounds': 3, 'fraction_fit': 0.8, 'fraction_evaluate': 0.2, 'min_fit_clients': 2, 'min_evaluate_clients': 2, 'min_available_clients': 2}, 'simulation': {'use_legacy': False, 'use_enhanced_client': True, 'enable_trust_evaluation': True, 'trust_threshold': 0.5, 'enable_metrics_aggregation': True}, 'logging': {'level': 'INFO', 'format': '%(asctime)s - %(name)s - %(levelname)s - %(message)s', 'log_to_file': False, 'log_file': None, 'metrics': {'enable_tensorboard': False, 'tensorboard_dir': 'logs/tensorboard', 'log_frequency': 1}}}
2025-07-05 20:46:52,909 - __main__ - INFO - Initializing MockExperimentManager
2025-07-05 20:46:52,909 - __main__ - INFO - Created MockDataLoader with config: {}
2025-07-05 20:46:52,909 - __main__ - INFO - Created MockModel with config: {}
2025-07-05 20:46:52,909 - __main__ - INFO - Created MockTrustEvaluator with config: {}
2025-07-05 20:46:52,909 - __main__ - INFO - Created MockFederatedStrategy with config: {}
2025-07-05 20:46:52,909 - __main__ - INFO - Created MockModel with config: {}
2025-07-05 20:46:52,909 - __main__ - INFO - Created MockClient 0
2025-07-05 20:46:52,909 - __main__ - INFO - Created MockModel with config: {}
2025-07-05 20:46:52,909 - __main__ - INFO - Created MockClient 1
2025-07-05 20:46:52,909 - __main__ - INFO - Created MockModel with config: {}
2025-07-05 20:46:52,909 - __main__ - INFO - Created MockClient 2
2025-07-05 20:46:52,909 - __main__ - INFO - Created MockModel with config: {}
2025-07-05 20:46:52,909 - __main__ - INFO - Created MockClient 3
2025-07-05 20:46:52,910 - __main__ - INFO - Created MockModel with config: {}
2025-07-05 20:46:52,910 - __main__ - INFO - Created MockClient 4
2025-07-05 20:46:52,910 - __main__ - INFO - Created 5 clients
2025-07-05 20:46:52,910 - __main__ - INFO - Starting federated learning experiment
2025-07-05 20:46:52,910 - __main__ - INFO - Loading mock training data...
2025-07-05 20:46:52,910 - __main__ - INFO - Getting model parameters
2025-07-05 20:46:52,910 - __main__ - INFO - 
=== Round 1/3 ===
2025-07-05 20:46:52,910 - __main__ - INFO - Round 0: Selected clients [0, 1, 2]
2025-07-05 20:46:52,910 - __main__ - INFO - Client 0: Starting local training
2025-07-05 20:46:52,910 - __main__ - INFO - Setting model parameters
2025-07-05 20:46:52,910 - __main__ - INFO - Getting data for client 0
2025-07-05 20:46:52,910 - __main__ - INFO - Training model on data
2025-07-05 20:46:52,910 - __main__ - INFO - Getting model parameters
2025-07-05 20:46:52,910 - __main__ - INFO - Client 0: Local training complete
2025-07-05 20:46:52,910 - __main__ - INFO - Client 1: Starting local training
2025-07-05 20:46:52,910 - __main__ - INFO - Setting model parameters
2025-07-05 20:46:52,910 - __main__ - INFO - Getting data for client 1
2025-07-05 20:46:52,910 - __main__ - INFO - Training model on data
2025-07-05 20:46:52,910 - __main__ - INFO - Getting model parameters
2025-07-05 20:46:52,910 - __main__ - INFO - Client 1: Local training complete
2025-07-05 20:46:52,910 - __main__ - INFO - Client 2: Starting local training
2025-07-05 20:46:52,910 - __main__ - INFO - Setting model parameters
2025-07-05 20:46:52,910 - __main__ - INFO - Getting data for client 2
2025-07-05 20:46:52,910 - __main__ - INFO - Training model on data
2025-07-05 20:46:52,910 - __main__ - INFO - Getting model parameters
2025-07-05 20:46:52,910 - __main__ - INFO - Client 2: Local training complete
2025-07-05 20:46:52,910 - __main__ - INFO - Client 0 trust score: 1.000
2025-07-05 20:46:52,910 - __main__ - INFO - Client 0 passed trust filter
2025-07-05 20:46:52,910 - __main__ - INFO - Client 1 trust score: 0.900
2025-07-05 20:46:52,910 - __main__ - INFO - Client 1 passed trust filter
2025-07-05 20:46:52,910 - __main__ - INFO - Client 2 trust score: 0.800
2025-07-05 20:46:52,910 - __main__ - INFO - Client 2 passed trust filter
2025-07-05 20:46:52,910 - __main__ - INFO - Trust filter: 3/3 clients passed
2025-07-05 20:46:52,910 - __main__ - INFO - Aggregating updates from 3 clients
2025-07-05 20:46:52,910 - __main__ - INFO - Global model updated with aggregated parameters
2025-07-05 20:46:52,910 - __main__ - INFO - Evaluating model on data
2025-07-05 20:46:52,910 - __main__ - INFO - Round 1 Global Model Performance: {'test_loss': 0.05, 'test_accuracy': 0.98}
2025-07-05 20:46:52,910 - __main__ - INFO - 
=== Round 2/3 ===
2025-07-05 20:46:52,910 - __main__ - INFO - Round 1: Selected clients [0, 1, 2]
2025-07-05 20:46:52,910 - __main__ - INFO - Client 0: Starting local training
2025-07-05 20:46:52,910 - __main__ - INFO - Setting model parameters
2025-07-05 20:46:52,910 - __main__ - INFO - Getting data for client 0
2025-07-05 20:46:52,910 - __main__ - INFO - Training model on data
2025-07-05 20:46:52,910 - __main__ - INFO - Getting model parameters
2025-07-05 20:46:52,910 - __main__ - INFO - Client 0: Local training complete
2025-07-05 20:46:52,910 - __main__ - INFO - Client 1: Starting local training
2025-07-05 20:46:52,910 - __main__ - INFO - Setting model parameters
2025-07-05 20:46:52,910 - __main__ - INFO - Getting data for client 1
2025-07-05 20:46:52,910 - __main__ - INFO - Training model on data
2025-07-05 20:46:52,910 - __main__ - INFO - Getting model parameters
2025-07-05 20:46:52,910 - __main__ - INFO - Client 1: Local training complete
2025-07-05 20:46:52,910 - __main__ - INFO - Client 2: Starting local training
2025-07-05 20:46:52,910 - __main__ - INFO - Setting model parameters
2025-07-05 20:46:52,910 - __main__ - INFO - Getting data for client 2
2025-07-05 20:46:52,910 - __main__ - INFO - Training model on data
2025-07-05 20:46:52,910 - __main__ - INFO - Getting model parameters
2025-07-05 20:46:52,910 - __main__ - INFO - Client 2: Local training complete
2025-07-05 20:46:52,910 - __main__ - INFO - Client 0 trust score: 1.000
2025-07-05 20:46:52,910 - __main__ - INFO - Client 0 passed trust filter
2025-07-05 20:46:52,910 - __main__ - INFO - Client 1 trust score: 0.900
2025-07-05 20:46:52,910 - __main__ - INFO - Client 1 passed trust filter
2025-07-05 20:46:52,911 - __main__ - INFO - Client 2 trust score: 0.800
2025-07-05 20:46:52,911 - __main__ - INFO - Client 2 passed trust filter
2025-07-05 20:46:52,911 - __main__ - INFO - Trust filter: 3/3 clients passed
2025-07-05 20:46:52,911 - __main__ - INFO - Aggregating updates from 3 clients
2025-07-05 20:46:52,911 - __main__ - INFO - Global model updated with aggregated parameters
2025-07-05 20:46:52,911 - __main__ - INFO - Evaluating model on data
2025-07-05 20:46:52,911 - __main__ - INFO - Round 2 Global Model Performance: {'test_loss': 0.05, 'test_accuracy': 0.98}
2025-07-05 20:46:52,911 - __main__ - INFO - 
=== Round 3/3 ===
2025-07-05 20:46:52,911 - __main__ - INFO - Round 2: Selected clients [0, 1, 2]
2025-07-05 20:46:52,911 - __main__ - INFO - Client 0: Starting local training
2025-07-05 20:46:52,911 - __main__ - INFO - Setting model parameters
2025-07-05 20:46:52,911 - __main__ - INFO - Getting data for client 0
2025-07-05 20:46:52,911 - __main__ - INFO - Training model on data
2025-07-05 20:46:52,911 - __main__ - INFO - Getting model parameters
2025-07-05 20:46:52,911 - __main__ - INFO - Client 0: Local training complete
2025-07-05 20:46:52,911 - __main__ - INFO - Client 1: Starting local training
2025-07-05 20:46:52,911 - __main__ - INFO - Setting model parameters
2025-07-05 20:46:52,911 - __main__ - INFO - Getting data for client 1
2025-07-05 20:46:52,911 - __main__ - INFO - Training model on data
2025-07-05 20:46:52,911 - __main__ - INFO - Getting model parameters
2025-07-05 20:46:52,911 - __main__ - INFO - Client 1: Local training complete
2025-07-05 20:46:52,911 - __main__ - INFO - Client 2: Starting local training
2025-07-05 20:46:52,911 - __main__ - INFO - Setting model parameters
2025-07-05 20:46:52,911 - __main__ - INFO - Getting data for client 2
2025-07-05 20:46:52,911 - __main__ - INFO - Training model on data
2025-07-05 20:46:52,911 - __main__ - INFO - Getting model parameters
2025-07-05 20:46:52,911 - __main__ - INFO - Client 2: Local training complete
2025-07-05 20:46:52,911 - __main__ - INFO - Client 0 trust score: 1.000
2025-07-05 20:46:52,911 - __main__ - INFO - Client 0 passed trust filter
2025-07-05 20:46:52,911 - __main__ - INFO - Client 1 trust score: 0.900
2025-07-05 20:46:52,911 - __main__ - INFO - Client 1 passed trust filter
2025-07-05 20:46:52,911 - __main__ - INFO - Client 2 trust score: 0.800
2025-07-05 20:46:52,911 - __main__ - INFO - Client 2 passed trust filter
2025-07-05 20:46:52,911 - __main__ - INFO - Trust filter: 3/3 clients passed
2025-07-05 20:46:52,911 - __main__ - INFO - Aggregating updates from 3 clients
2025-07-05 20:46:52,911 - __main__ - INFO - Global model updated with aggregated parameters
2025-07-05 20:46:52,911 - __main__ - INFO - Evaluating model on data
2025-07-05 20:46:52,911 - __main__ - INFO - Round 3 Global Model Performance: {'test_loss': 0.05, 'test_accuracy': 0.98}
2025-07-05 20:46:52,911 - __main__ - INFO - Federated learning experiment completed successfully!
2025-07-05 20:46:52,911 - __main__ - INFO - ============================================================
2025-07-05 20:46:52,911 - __main__ - INFO - Demonstration completed successfully!
2025-07-05 20:46:52,911 - __main__ - INFO - Results: {'status': 'success', 'final_metrics': {'test_loss': 0.05, 'test_accuracy': 0.98}}
